<?xml version="1.0" encoding="UTF-8"?>
<coverage generated="1568540808612" clover="3.2.0">
  <project timestamp="1568540808613" name="All files">
    <metrics statements="465" coveredstatements="290" conditionals="157" coveredconditionals="69" methods="121" coveredmethods="66" elements="743" coveredelements="425" complexity="0" loc="465" ncloc="465" packages="16" files="30" classes="30">
      <package name="turing-ecommerce">
        <metrics statements="4" coveredstatements="4" conditionals="0" coveredconditionals="0" methods="1" coveredmethods="1"/>
        <file name="jest.unit.setup.js" path="E:\KamalFiles\Projects\turing-ecommerce\jest.unit.setup.js">
          <metrics statements="4" coveredstatements="4" conditionals="0" coveredconditionals="0" methods="1" coveredmethods="1"/>
          <line num="6" count="7" type="stmt"/>
          <line num="7" count="7" type="stmt"/>
          <line num="8" count="7" type="stmt"/>
          <line num="10" count="7" type="stmt"/>
        </file>
      </package>
      <package name="turing-ecommerce.src">
        <metrics statements="12" coveredstatements="8" conditionals="4" coveredconditionals="1" methods="6" coveredmethods="4"/>
        <file name="eventBus.js" path="E:\KamalFiles\Projects\turing-ecommerce\src\eventBus.js">
          <metrics statements="0" coveredstatements="0" conditionals="0" coveredconditionals="0" methods="0" coveredmethods="0"/>
        </file>
        <file name="router.js" path="E:\KamalFiles\Projects\turing-ecommerce\src\router.js">
          <metrics statements="12" coveredstatements="8" conditionals="4" coveredconditionals="1" methods="6" coveredmethods="4"/>
          <line num="5" count="2" type="stmt"/>
          <line num="7" count="2" type="stmt"/>
          <line num="13" count="3" type="stmt"/>
          <line num="26" count="0" type="stmt"/>
          <line num="35" count="0" type="stmt"/>
          <line num="40" count="1" type="stmt"/>
          <line num="48" count="2" type="stmt"/>
          <line num="49" count="3" type="stmt"/>
          <line num="50" count="6" type="cond" truecount="1" falsecount="1"/>
          <line num="51" count="0" type="cond" truecount="0" falsecount="2"/>
          <line num="52" count="0" type="stmt"/>
          <line num="58" count="3" type="stmt"/>
        </file>
      </package>
      <package name="turing-ecommerce.src.assets.images">
        <metrics statements="2" coveredstatements="2" conditionals="0" coveredconditionals="0" methods="0" coveredmethods="0"/>
        <file name="gbr.png" path="E:\KamalFiles\Projects\turing-ecommerce\src\assets\images\gbr.png">
          <metrics statements="1" coveredstatements="1" conditionals="0" coveredconditionals="0" methods="0" coveredmethods="0"/>
          <line num="1" count="1" type="stmt"/>
        </file>
        <file name="icons-bag.png" path="E:\KamalFiles\Projects\turing-ecommerce\src\assets\images\icons-bag.png">
          <metrics statements="1" coveredstatements="1" conditionals="0" coveredconditionals="0" methods="0" coveredmethods="0"/>
          <line num="1" count="1" type="stmt"/>
        </file>
      </package>
      <package name="turing-ecommerce.src.components.Authentication">
        <metrics statements="5" coveredstatements="1" conditionals="0" coveredconditionals="0" methods="4" coveredmethods="1"/>
        <file name="AuthTemp.vue" path="E:\KamalFiles\Projects\turing-ecommerce\src\components\Authentication\AuthTemp.vue">
          <metrics statements="5" coveredstatements="1" conditionals="0" coveredconditionals="0" methods="4" coveredmethods="1"/>
          <line num="52" count="0" type="stmt"/>
          <line num="56" count="0" type="stmt"/>
          <line num="60" count="2" type="stmt"/>
          <line num="68" count="0" type="stmt"/>
          <line num="69" count="0" type="stmt"/>
        </file>
      </package>
      <package name="turing-ecommerce.src.components.Footer">
        <metrics statements="2" coveredstatements="1" conditionals="0" coveredconditionals="0" methods="0" coveredmethods="0"/>
        <file name="Footer.vue" path="E:\KamalFiles\Projects\turing-ecommerce\src\components\Footer\Footer.vue">
          <metrics statements="2" coveredstatements="1" conditionals="0" coveredconditionals="0" methods="0" coveredmethods="0"/>
          <line num="34" count="3" type="stmt"/>
          <line num="41" count="0" type="stmt"/>
        </file>
      </package>
      <package name="turing-ecommerce.src.components.Home">
        <metrics statements="19" coveredstatements="4" conditionals="8" coveredconditionals="0" methods="0" coveredmethods="0"/>
        <file name="AttrsSidebar.vue" path="E:\KamalFiles\Projects\turing-ecommerce\src\components\Home\AttrsSidebar.vue">
          <metrics statements="14" coveredstatements="3" conditionals="8" coveredconditionals="0" methods="0" coveredmethods="0"/>
          <line num="160" count="2" type="stmt"/>
          <line num="161" count="2" type="stmt"/>
          <line num="162" count="2" type="stmt"/>
          <line num="180" count="0" type="stmt"/>
          <line num="183" count="0" type="stmt"/>
          <line num="184" count="0" type="cond" truecount="0" falsecount="2"/>
          <line num="192" count="0" type="cond" truecount="0" falsecount="2"/>
          <line num="194" count="0" type="cond" truecount="0" falsecount="2"/>
          <line num="198" count="0" type="cond" truecount="0" falsecount="2"/>
          <line num="202" count="0" type="stmt"/>
          <line num="203" count="0" type="stmt"/>
          <line num="204" count="0" type="stmt"/>
          <line num="205" count="0" type="stmt"/>
          <line num="209" count="0" type="stmt"/>
        </file>
        <file name="PaginationBar.vue" path="E:\KamalFiles\Projects\turing-ecommerce\src\components\Home\PaginationBar.vue">
          <metrics statements="4" coveredstatements="0" conditionals="0" coveredconditionals="0" methods="0" coveredmethods="0"/>
          <line num="46" count="0" type="stmt"/>
          <line num="55" count="0" type="stmt"/>
          <line num="61" count="0" type="stmt"/>
          <line num="64" count="0" type="stmt"/>
        </file>
        <file name="ShopCard.vue" path="E:\KamalFiles\Projects\turing-ecommerce\src\components\Home\ShopCard.vue">
          <metrics statements="1" coveredstatements="1" conditionals="0" coveredconditionals="0" methods="0" coveredmethods="0"/>
          <line num="74" count="2" type="stmt"/>
        </file>
      </package>
      <package name="turing-ecommerce.src.components.Home.Sidebar">
        <metrics statements="8" coveredstatements="4" conditionals="0" coveredconditionals="0" methods="0" coveredmethods="0"/>
        <file name="ColorAttributes.vue" path="E:\KamalFiles\Projects\turing-ecommerce\src\components\Home\Sidebar\ColorAttributes.vue">
          <metrics statements="4" coveredstatements="2" conditionals="0" coveredconditionals="0" methods="0" coveredmethods="0"/>
          <line num="28" count="2" type="stmt"/>
          <line num="48" count="0" type="stmt"/>
          <line num="53" count="0" type="stmt"/>
          <line num="58" count="1" type="stmt"/>
        </file>
        <file name="SizeAttributes.vue" path="E:\KamalFiles\Projects\turing-ecommerce\src\components\Home\Sidebar\SizeAttributes.vue">
          <metrics statements="4" coveredstatements="2" conditionals="0" coveredconditionals="0" methods="0" coveredmethods="0"/>
          <line num="32" count="2" type="stmt"/>
          <line num="52" count="0" type="stmt"/>
          <line num="57" count="0" type="stmt"/>
          <line num="62" count="1" type="stmt"/>
        </file>
      </package>
      <package name="turing-ecommerce.src.components.Navbar">
        <metrics statements="77" coveredstatements="46" conditionals="14" coveredconditionals="3" methods="17" coveredmethods="9"/>
        <file name="Cart.vue" path="E:\KamalFiles\Projects\turing-ecommerce\src\components\Navbar\Cart.vue">
          <metrics statements="23" coveredstatements="15" conditionals="2" coveredconditionals="0" methods="8" coveredmethods="5"/>
          <line num="99" count="4" type="stmt"/>
          <line num="100" count="4" type="stmt"/>
          <line num="109" count="1" type="stmt"/>
          <line num="113" count="1" type="stmt"/>
          <line num="119" count="1" type="stmt"/>
          <line num="121" count="1" type="stmt"/>
          <line num="127" count="1" type="stmt"/>
          <line num="128" count="0" type="stmt"/>
          <line num="133" count="0" type="cond" truecount="0" falsecount="2"/>
          <line num="137" count="2" type="stmt"/>
          <line num="142" count="1" type="stmt"/>
          <line num="147" count="2" type="stmt"/>
          <line num="152" count="1" type="stmt"/>
          <line num="157" count="1" type="stmt"/>
          <line num="158" count="1" type="stmt"/>
          <line num="164" count="1" type="stmt"/>
          <line num="168" count="1" type="stmt"/>
          <line num="174" count="0" type="stmt"/>
          <line num="175" count="0" type="stmt"/>
          <line num="185" count="0" type="stmt"/>
          <line num="193" count="0" type="stmt"/>
          <line num="199" count="0" type="stmt"/>
          <line num="204" count="0" type="stmt"/>
        </file>
        <file name="CartTable.vue" path="E:\KamalFiles\Projects\turing-ecommerce\src\components\Navbar\CartTable.vue">
          <metrics statements="5" coveredstatements="5" conditionals="0" coveredconditionals="0" methods="2" coveredmethods="2"/>
          <line num="125" count="1" type="stmt"/>
          <line num="131" count="1" type="stmt"/>
          <line num="136" count="1" type="stmt"/>
          <line num="142" count="1" type="stmt"/>
          <line num="143" count="1" type="stmt"/>
        </file>
        <file name="NavbarDropdown.vue" path="E:\KamalFiles\Projects\turing-ecommerce\src\components\Navbar\NavbarDropdown.vue">
          <metrics statements="6" coveredstatements="1" conditionals="4" coveredconditionals="0" methods="0" coveredmethods="0"/>
          <line num="173" count="3" type="stmt"/>
          <line num="182" count="0" type="stmt"/>
          <line num="189" count="0" type="stmt"/>
          <line num="191" count="0" type="cond" truecount="0" falsecount="2"/>
          <line num="197" count="0" type="stmt"/>
          <line num="199" count="0" type="cond" truecount="0" falsecount="2"/>
        </file>
        <file name="TopLevelHeader.vue" path="E:\KamalFiles\Projects\turing-ecommerce\src\components\Navbar\TopLevelHeader.vue">
          <metrics statements="43" coveredstatements="25" conditionals="8" coveredconditionals="3" methods="7" coveredmethods="2"/>
          <line num="236" count="4" type="stmt"/>
          <line num="237" count="4" type="stmt"/>
          <line num="238" count="4" type="stmt"/>
          <line num="239" count="4" type="stmt"/>
          <line num="246" count="1" type="stmt"/>
          <line num="280" count="1" type="stmt"/>
          <line num="285" count="1" type="stmt"/>
          <line num="286" count="0" type="stmt"/>
          <line num="291" count="0" type="stmt"/>
          <line num="295" count="0" type="cond" truecount="0" falsecount="2"/>
          <line num="296" count="0" type="stmt"/>
          <line num="305" count="0" type="stmt"/>
          <line num="306" count="0" type="stmt"/>
          <line num="307" count="0" type="stmt"/>
          <line num="308" count="0" type="stmt"/>
          <line num="314" count="1" type="stmt"/>
          <line num="315" count="1" type="cond" truecount="1" falsecount="1"/>
          <line num="316" count="1" type="stmt"/>
          <line num="317" count="1" type="stmt"/>
          <line num="324" count="1" type="stmt"/>
          <line num="325" count="1" type="stmt"/>
          <line num="326" count="1" type="stmt"/>
          <line num="327" count="1" type="stmt"/>
          <line num="328" count="1" type="stmt"/>
          <line num="330" count="1" type="stmt"/>
          <line num="334" count="1" type="stmt"/>
          <line num="337" count="1" type="stmt"/>
          <line num="338" count="2" type="cond" truecount="1" falsecount="1"/>
          <line num="339" count="0" type="stmt"/>
          <line num="340" count="0" type="stmt"/>
          <line num="347" count="0" type="stmt"/>
          <line num="348" count="0" type="stmt"/>
          <line num="349" count="0" type="stmt"/>
          <line num="350" count="0" type="stmt"/>
          <line num="351" count="0" type="stmt"/>
          <line num="353" count="0" type="stmt"/>
          <line num="357" count="0" type="stmt"/>
          <line num="360" count="1" type="cond" truecount="1" falsecount="1"/>
          <line num="361" count="1" type="stmt"/>
          <line num="363" count="1" type="stmt"/>
          <line num="364" count="1" type="stmt"/>
          <line num="374" count="1" type="stmt"/>
          <line num="379" count="0" type="stmt"/>
        </file>
      </package>
      <package name="turing-ecommerce.src.components.SingleProduct">
        <metrics statements="3" coveredstatements="3" conditionals="0" coveredconditionals="0" methods="0" coveredmethods="0"/>
        <file name="Review.vue" path="E:\KamalFiles\Projects\turing-ecommerce\src\components\SingleProduct\Review.vue">
          <metrics statements="3" coveredstatements="3" conditionals="0" coveredconditionals="0" methods="0" coveredmethods="0"/>
          <line num="55" count="1" type="stmt"/>
          <line num="56" count="1" type="stmt"/>
          <line num="57" count="1" type="stmt"/>
        </file>
      </package>
      <package name="turing-ecommerce.src.contants">
        <metrics statements="46" coveredstatements="21" conditionals="0" coveredconditionals="0" methods="46" coveredmethods="21"/>
        <file name="rest_paths.js" path="E:\KamalFiles\Projects\turing-ecommerce\src\contants\rest_paths.js">
          <metrics statements="46" coveredstatements="21" conditionals="0" coveredconditionals="0" methods="46" coveredmethods="21"/>
          <line num="3" count="0" type="stmt"/>
          <line num="4" count="0" type="stmt"/>
          <line num="7" count="0" type="stmt"/>
          <line num="8" count="0" type="stmt"/>
          <line num="9" count="0" type="stmt"/>
          <line num="10" count="0" type="stmt"/>
          <line num="13" count="4" type="stmt"/>
          <line num="14" count="0" type="stmt"/>
          <line num="15" count="2" type="stmt"/>
          <line num="16" count="3" type="stmt"/>
          <line num="19" count="0" type="stmt"/>
          <line num="20" count="2" type="stmt"/>
          <line num="21" count="3" type="stmt"/>
          <line num="22" count="12" type="stmt"/>
          <line num="23" count="17" type="stmt"/>
          <line num="24" count="0" type="stmt"/>
          <line num="25" count="3" type="stmt"/>
          <line num="27" count="3" type="stmt"/>
          <line num="28" count="0" type="stmt"/>
          <line num="32" count="3" type="stmt"/>
          <line num="33" count="1" type="stmt"/>
          <line num="34" count="2" type="stmt"/>
          <line num="35" count="0" type="stmt"/>
          <line num="36" count="0" type="stmt"/>
          <line num="37" count="3" type="stmt"/>
          <line num="38" count="3" type="stmt"/>
          <line num="41" count="0" type="stmt"/>
          <line num="42" count="0" type="stmt"/>
          <line num="43" count="0" type="stmt"/>
          <line num="44" count="0" type="stmt"/>
          <line num="47" count="1" type="stmt"/>
          <line num="48" count="0" type="stmt"/>
          <line num="49" count="3" type="stmt"/>
          <line num="50" count="0" type="stmt"/>
          <line num="51" count="0" type="stmt"/>
          <line num="52" count="2" type="stmt"/>
          <line num="53" count="2" type="stmt"/>
          <line num="54" count="2" type="stmt"/>
          <line num="55" count="4" type="stmt"/>
          <line num="56" count="2" type="stmt"/>
          <line num="59" count="0" type="stmt"/>
          <line num="60" count="0" type="stmt"/>
          <line num="63" count="0" type="stmt"/>
          <line num="64" count="0" type="stmt"/>
          <line num="67" count="0" type="stmt"/>
          <line num="68" count="0" type="stmt"/>
        </file>
      </package>
      <package name="turing-ecommerce.src.layouts">
        <metrics statements="22" coveredstatements="11" conditionals="10" coveredconditionals="0" methods="5" coveredmethods="0"/>
        <file name="Main.vue" path="E:\KamalFiles\Projects\turing-ecommerce\src\layouts\Main.vue">
          <metrics statements="22" coveredstatements="11" conditionals="10" coveredconditionals="0" methods="5" coveredmethods="0"/>
          <line num="171" count="3" type="stmt"/>
          <line num="172" count="3" type="stmt"/>
          <line num="173" count="3" type="stmt"/>
          <line num="174" count="3" type="stmt"/>
          <line num="175" count="3" type="stmt"/>
          <line num="176" count="3" type="stmt"/>
          <line num="177" count="3" type="stmt"/>
          <line num="190" count="1" type="stmt"/>
          <line num="199" count="0" type="stmt"/>
          <line num="203" count="1" type="stmt"/>
          <line num="204" count="0" type="stmt"/>
          <line num="206" count="1" type="stmt"/>
          <line num="207" count="0" type="stmt"/>
          <line num="208" count="0" type="cond" truecount="0" falsecount="4"/>
          <line num="209" count="0" type="cond" truecount="0" falsecount="2"/>
          <line num="214" count="0" type="cond" truecount="0" falsecount="2"/>
          <line num="223" count="0" type="stmt"/>
          <line num="225" count="0" type="cond" truecount="0" falsecount="2"/>
          <line num="233" count="1" type="stmt"/>
          <line num="238" count="0" type="stmt"/>
          <line num="239" count="0" type="stmt"/>
          <line num="249" count="0" type="stmt"/>
        </file>
      </package>
      <package name="turing-ecommerce.src.mixins">
        <metrics statements="59" coveredstatements="46" conditionals="76" coveredconditionals="51" methods="1" coveredmethods="1"/>
        <file name="asyncHelpers.js" path="E:\KamalFiles\Projects\turing-ecommerce\src\mixins\asyncHelpers.js">
          <metrics statements="57" coveredstatements="45" conditionals="76" coveredconditionals="51" methods="1" coveredmethods="1"/>
          <line num="20" count="7" type="stmt"/>
          <line num="21" count="3" type="stmt"/>
          <line num="29" count="3" type="cond" truecount="1" falsecount="1"/>
          <line num="30" count="0" type="stmt"/>
          <line num="31" count="0" type="stmt"/>
          <line num="34" count="3" type="stmt"/>
          <line num="41" count="52" type="cond" truecount="2" falsecount="0"/>
          <line num="42" count="1" type="stmt"/>
          <line num="47" count="51" type="cond" truecount="1" falsecount="1"/>
          <line num="48" count="51" type="stmt"/>
          <line num="49" count="51" type="stmt"/>
          <line num="53" count="0" type="stmt"/>
          <line num="57" count="51" type="cond" truecount="2" falsecount="0"/>
          <line num="59" count="19" type="cond" truecount="4" falsecount="0"/>
          <line num="61" count="17" type="cond" truecount="3" falsecount="1"/>
          <line num="62" count="17" type="stmt"/>
          <line num="64" count="17" type="cond" truecount="3" falsecount="1"/>
          <line num="65" count="0" type="cond" truecount="0" falsecount="4"/>
          <line num="66" count="0" type="stmt"/>
          <line num="71" count="19" type="cond" truecount="2" falsecount="0"/>
          <line num="72" count="1" type="cond" truecount="1" falsecount="1"/>
          <line num="76" count="1" type="stmt"/>
          <line num="79" count="19" type="stmt"/>
          <line num="85" count="12" type="cond" truecount="1" falsecount="1"/>
          <line num="86" count="0" type="stmt"/>
          <line num="91" count="12" type="cond" truecount="1" falsecount="1"/>
          <line num="92" count="12" type="stmt"/>
          <line num="93" count="12" type="stmt"/>
          <line num="99" count="0" type="stmt"/>
          <line num="103" count="12" type="cond" truecount="1" falsecount="1"/>
          <line num="105" count="12" type="cond" truecount="4" falsecount="0"/>
          <line num="106" count="9" type="stmt"/>
          <line num="107" count="9" type="cond" truecount="2" falsecount="0"/>
          <line num="108" count="5" type="stmt"/>
          <line num="110" count="9" type="cond" truecount="1" falsecount="1"/>
          <line num="111" count="0" type="stmt"/>
          <line num="120" count="9" type="cond" truecount="4" falsecount="0"/>
          <line num="121" count="8" type="stmt"/>
          <line num="123" count="9" type="cond" truecount="3" falsecount="1"/>
          <line num="124" count="0" type="cond" truecount="0" falsecount="4"/>
          <line num="125" count="0" type="stmt"/>
          <line num="130" count="12" type="cond" truecount="2" falsecount="0"/>
          <line num="131" count="2" type="stmt"/>
          <line num="132" count="2" type="cond" truecount="1" falsecount="1"/>
          <line num="133" count="0" type="stmt"/>
          <line num="135" count="2" type="stmt"/>
          <line num="143" count="2" type="stmt"/>
          <line num="148" count="2" type="cond" truecount="4" falsecount="0"/>
          <line num="149" count="1" type="stmt"/>
          <line num="153" count="12" type="cond" truecount="2" falsecount="0"/>
          <line num="154" count="1" type="stmt"/>
          <line num="155" count="1" type="cond" truecount="1" falsecount="1"/>
          <line num="156" count="0" type="stmt"/>
          <line num="158" count="1" type="stmt"/>
          <line num="165" count="1" type="cond" truecount="1" falsecount="1"/>
          <line num="169" count="1" type="stmt"/>
          <line num="172" count="12" type="stmt"/>
        </file>
        <file name="globals.js" path="E:\KamalFiles\Projects\turing-ecommerce\src\mixins\globals.js">
          <metrics statements="2" coveredstatements="1" conditionals="0" coveredconditionals="0" methods="0" coveredmethods="0"/>
          <line num="9" count="129" type="stmt"/>
          <line num="16" count="0" type="stmt"/>
        </file>
      </package>
      <package name="turing-ecommerce.src.store">
        <metrics statements="4" coveredstatements="4" conditionals="0" coveredconditionals="0" methods="1" coveredmethods="1"/>
        <file name="index.js" path="E:\KamalFiles\Projects\turing-ecommerce\src\store\index.js">
          <metrics statements="4" coveredstatements="4" conditionals="0" coveredconditionals="0" methods="1" coveredmethods="1"/>
          <line num="11" count="6" type="stmt"/>
          <line num="12" count="6" type="stmt"/>
          <line num="13" count="6" type="stmt"/>
          <line num="16" count="6" type="stmt"/>
        </file>
      </package>
      <package name="turing-ecommerce.src.store.modules">
        <metrics statements="89" coveredstatements="59" conditionals="12" coveredconditionals="1" methods="21" coveredmethods="15"/>
        <file name="cart.js" path="E:\KamalFiles\Projects\turing-ecommerce\src\store\modules\cart.js">
          <metrics statements="26" coveredstatements="22" conditionals="2" coveredconditionals="0" methods="7" coveredmethods="7"/>
          <line num="2" count="6" type="stmt"/>
          <line num="10" count="6" type="stmt"/>
          <line num="11" count="3" type="stmt"/>
          <line num="12" count="5" type="stmt"/>
          <line num="13" count="5" type="stmt"/>
          <line num="14" count="2" type="stmt"/>
          <line num="15" count="2" type="stmt"/>
          <line num="16" count="1" type="stmt"/>
          <line num="20" count="6" type="stmt"/>
          <line num="22" count="1" type="stmt"/>
          <line num="25" count="4" type="stmt"/>
          <line num="28" count="1" type="stmt"/>
          <line num="31" count="0" type="stmt"/>
          <line num="34" count="3" type="stmt"/>
          <line num="37" count="1" type="stmt"/>
          <line num="38" count="1" type="stmt"/>
          <line num="41" count="1" type="stmt"/>
          <line num="42" count="1" type="stmt"/>
          <line num="45" count="0" type="stmt"/>
          <line num="50" count="6" type="stmt"/>
          <line num="52" count="2" type="stmt"/>
          <line num="53" count="2" type="stmt"/>
          <line num="56" count="2" type="cond" truecount="0" falsecount="2"/>
          <line num="57" count="0" type="stmt"/>
          <line num="58" count="0" type="stmt"/>
          <line num="61" count="2" type="stmt"/>
        </file>
        <file name="customer.js" path="E:\KamalFiles\Projects\turing-ecommerce\src\store\modules\customer.js">
          <metrics statements="22" coveredstatements="20" conditionals="2" coveredconditionals="1" methods="4" coveredmethods="3"/>
          <line num="2" count="6" type="stmt"/>
          <line num="9" count="6" type="stmt"/>
          <line num="10" count="5" type="stmt"/>
          <line num="11" count="0" type="stmt"/>
          <line num="12" count="3" type="cond" truecount="1" falsecount="1"/>
          <line num="16" count="6" type="stmt"/>
          <line num="18" count="0" type="stmt"/>
          <line num="21" count="2" type="stmt"/>
          <line num="22" count="2" type="stmt"/>
          <line num="23" count="2" type="stmt"/>
          <line num="26" count="4" type="stmt"/>
          <line num="27" count="4" type="stmt"/>
          <line num="30" count="1" type="stmt"/>
          <line num="31" count="1" type="stmt"/>
          <line num="34" count="1" type="stmt"/>
          <line num="35" count="1" type="stmt"/>
          <line num="36" count="1" type="stmt"/>
          <line num="37" count="1" type="stmt"/>
          <line num="38" count="1" type="stmt"/>
          <line num="39" count="1" type="stmt"/>
          <line num="40" count="1" type="stmt"/>
          <line num="45" count="6" type="stmt"/>
        </file>
        <file name="department.js" path="E:\KamalFiles\Projects\turing-ecommerce\src\store\modules\department.js">
          <metrics statements="27" coveredstatements="4" conditionals="8" coveredconditionals="0" methods="6" coveredmethods="1"/>
          <line num="3" count="6" type="stmt"/>
          <line num="8" count="6" type="stmt"/>
          <line num="9" count="0" type="stmt"/>
          <line num="10" count="0" type="stmt"/>
          <line num="11" count="0" type="stmt"/>
          <line num="12" count="0" type="stmt"/>
          <line num="13" count="0" type="stmt"/>
          <line num="14" count="0" type="cond" truecount="0" falsecount="2"/>
          <line num="20" count="6" type="stmt"/>
          <line num="22" count="0" type="stmt"/>
          <line num="25" count="0" type="stmt"/>
          <line num="26" count="0" type="cond" truecount="0" falsecount="2"/>
          <line num="27" count="0" type="stmt"/>
          <line num="34" count="6" type="stmt"/>
          <line num="36" count="0" type="stmt"/>
          <line num="37" count="0" type="stmt"/>
          <line num="38" count="0" type="cond" truecount="0" falsecount="2"/>
          <line num="39" count="0" type="stmt"/>
          <line num="40" count="0" type="stmt"/>
          <line num="43" count="0" type="stmt"/>
          <line num="47" count="0" type="stmt"/>
          <line num="48" count="0" type="stmt"/>
          <line num="51" count="0" type="stmt"/>
          <line num="52" count="0" type="cond" truecount="0" falsecount="2"/>
          <line num="53" count="0" type="stmt"/>
          <line num="57" count="0" type="stmt"/>
          <line num="60" count="0" type="stmt"/>
        </file>
        <file name="product.js" path="E:\KamalFiles\Projects\turing-ecommerce\src\store\modules\product.js">
          <metrics statements="14" coveredstatements="13" conditionals="0" coveredconditionals="0" methods="4" coveredmethods="4"/>
          <line num="2" count="6" type="stmt"/>
          <line num="9" count="6" type="stmt"/>
          <line num="10" count="14" type="stmt"/>
          <line num="11" count="14" type="stmt"/>
          <line num="12" count="1" type="stmt"/>
          <line num="18" count="6" type="stmt"/>
          <line num="20" count="6" type="stmt"/>
          <line num="21" count="6" type="stmt"/>
          <line num="24" count="6" type="stmt"/>
          <line num="25" count="6" type="stmt"/>
          <line num="28" count="1" type="stmt"/>
          <line num="31" count="1" type="stmt"/>
          <line num="34" count="0" type="stmt"/>
          <line num="39" count="6" type="stmt"/>
        </file>
      </package>
      <package name="turing-ecommerce.src.views">
        <metrics statements="104" coveredstatements="67" conditionals="33" coveredconditionals="13" methods="18" coveredmethods="12"/>
        <file name="Home.vue" path="E:\KamalFiles\Projects\turing-ecommerce\src\views\Home.vue">
          <metrics statements="42" coveredstatements="28" conditionals="23" coveredconditionals="11" methods="5" coveredmethods="4"/>
          <line num="157" count="2" type="stmt"/>
          <line num="158" count="2" type="stmt"/>
          <line num="159" count="2" type="stmt"/>
          <line num="160" count="2" type="stmt"/>
          <line num="161" count="2" type="stmt"/>
          <line num="171" count="1" type="stmt"/>
          <line num="191" count="0" type="cond" truecount="0" falsecount="2"/>
          <line num="199" count="13" type="stmt"/>
          <line num="204" count="13" type="stmt"/>
          <line num="209" count="0" type="cond" truecount="0" falsecount="2"/>
          <line num="210" count="0" type="stmt"/>
          <line num="211" count="0" type="stmt"/>
          <line num="212" count="0" type="stmt"/>
          <line num="218" count="1" type="stmt"/>
          <line num="219" count="1" type="cond" truecount="1" falsecount="1"/>
          <line num="220" count="1" type="cond" truecount="3" falsecount="1"/>
          <line num="221" count="0" type="stmt"/>
          <line num="224" count="1" type="stmt"/>
          <line num="225" count="1" type="stmt"/>
          <line num="235" count="27" type="stmt"/>
          <line num="236" count="27" type="stmt"/>
          <line num="237" count="35" type="cond" truecount="2" falsecount="0"/>
          <line num="239" count="34" type="cond" truecount="2" falsecount="0"/>
          <line num="241" count="27" type="stmt"/>
          <line num="244" count="0" type="cond" truecount="0" falsecount="2"/>
          <line num="245" count="0" type="stmt"/>
          <line num="246" count="0" type="stmt"/>
          <line num="248" count="0" type="cond" truecount="0" falsecount="2"/>
          <line num="249" count="0" type="stmt"/>
          <line num="250" count="0" type="stmt"/>
          <line num="257" count="0" type="stmt"/>
          <line num="261" count="2" type="stmt"/>
          <line num="266" count="1" type="stmt"/>
          <line num="268" count="1" type="stmt"/>
          <line num="269" count="1" type="stmt"/>
          <line num="274" count="1" type="stmt"/>
          <line num="282" count="31" type="stmt"/>
          <line num="283" count="31" type="stmt"/>
          <line num="293" count="8" type="stmt"/>
          <line num="294" count="8" type="stmt"/>
          <line num="295" count="8" type="stmt"/>
          <line num="298" count="0" type="cond" truecount="0" falsecount="2"/>
        </file>
        <file name="Profile.vue" path="E:\KamalFiles\Projects\turing-ecommerce\src\views\Profile.vue">
          <metrics statements="14" coveredstatements="10" conditionals="2" coveredconditionals="1" methods="3" coveredmethods="2"/>
          <line num="54" count="1" type="stmt"/>
          <line num="65" count="1" type="stmt"/>
          <line num="178" count="1" type="stmt"/>
          <line num="183" count="0" type="stmt"/>
          <line num="196" count="0" type="stmt"/>
          <line num="203" count="0" type="stmt"/>
          <line num="212" count="0" type="stmt"/>
          <line num="223" count="3" type="stmt"/>
          <line num="224" count="3" type="cond" truecount="1" falsecount="1"/>
          <line num="225" count="3" type="stmt"/>
          <line num="226" count="3" type="stmt"/>
          <line num="233" count="3" type="stmt"/>
          <line num="235" count="3" type="stmt"/>
          <line num="239" count="3" type="stmt"/>
        </file>
        <file name="SingleProduct.vue" path="E:\KamalFiles\Projects\turing-ecommerce\src\views\SingleProduct.vue">
          <metrics statements="48" coveredstatements="29" conditionals="8" coveredconditionals="1" methods="10" coveredmethods="6"/>
          <line num="256" count="1" type="stmt"/>
          <line num="257" count="1" type="stmt"/>
          <line num="258" count="1" type="stmt"/>
          <line num="259" count="1" type="stmt"/>
          <line num="260" count="1" type="stmt"/>
          <line num="261" count="1" type="stmt"/>
          <line num="262" count="1" type="stmt"/>
          <line num="276" count="1" type="stmt"/>
          <line num="277" count="1" type="stmt"/>
          <line num="278" count="1" type="stmt"/>
          <line num="279" count="1" type="stmt"/>
          <line num="282" count="1" type="stmt"/>
          <line num="283" count="1" type="stmt"/>
          <line num="284" count="1" type="stmt"/>
          <line num="285" count="1" type="stmt"/>
          <line num="286" count="1" type="stmt"/>
          <line num="290" count="1" type="stmt"/>
          <line num="323" count="2" type="stmt"/>
          <line num="328" count="1" type="stmt"/>
          <line num="333" count="2" type="stmt"/>
          <line num="338" count="1" type="stmt"/>
          <line num="343" count="2" type="stmt"/>
          <line num="348" count="1" type="stmt"/>
          <line num="353" count="2" type="stmt"/>
          <line num="358" count="1" type="stmt"/>
          <line num="363" count="1" type="stmt"/>
          <line num="364" count="1" type="cond" truecount="1" falsecount="1"/>
          <line num="365" count="0" type="stmt"/>
          <line num="366" count="0" type="cond" truecount="0" falsecount="2"/>
          <line num="369" count="0" type="cond" truecount="0" falsecount="2"/>
          <line num="370" count="0" type="stmt"/>
          <line num="375" count="0" type="stmt"/>
          <line num="386" count="1" type="stmt"/>
          <line num="397" count="1" type="stmt"/>
          <line num="402" count="0" type="cond" truecount="0" falsecount="2"/>
          <line num="403" count="0" type="stmt"/>
          <line num="404" count="0" type="stmt"/>
          <line num="406" count="0" type="stmt"/>
          <line num="407" count="0" type="stmt"/>
          <line num="417" count="0" type="stmt"/>
          <line num="418" count="0" type="stmt"/>
          <line num="419" count="0" type="stmt"/>
          <line num="424" count="0" type="stmt"/>
          <line num="425" count="0" type="stmt"/>
          <line num="436" count="0" type="stmt"/>
          <line num="437" count="0" type="stmt"/>
          <line num="447" count="0" type="stmt"/>
          <line num="448" count="0" type="stmt"/>
        </file>
      </package>
      <package name="turing-ecommerce.tests.unit">
        <metrics statements="9" coveredstatements="9" conditionals="0" coveredconditionals="0" methods="1" coveredmethods="1"/>
        <file name="index.js" path="E:\KamalFiles\Projects\turing-ecommerce\tests\unit\index.js">
          <metrics statements="9" coveredstatements="9" conditionals="0" coveredconditionals="0" methods="1" coveredmethods="1"/>
          <line num="9" count="7" type="stmt"/>
          <line num="10" count="7" type="stmt"/>
          <line num="11" count="7" type="stmt"/>
          <line num="12" count="7" type="stmt"/>
          <line num="13" count="7" type="stmt"/>
          <line num="14" count="7" type="stmt"/>
          <line num="15" count="7" type="stmt"/>
          <line num="17" count="7" type="stmt"/>
          <line num="19" count="4" type="stmt"/>
        </file>
      </package>
    </metrics>
  </project>
</coverage>
