{"E:\\KamalFiles\\Projects\\turing-ecommerce\\jest.unit.setup.js": {"path":"E:\\KamalFiles\\Projects\\turing-ecommerce\\jest.unit.setup.js","statementMap":{"0":{"start":{"line":6,"column":0},"end":{"line":9,"column":2}},"1":{"start":{"line":7,"column":16},"end":{"line":7,"column":32}},"2":{"start":{"line":8,"column":2},"end":{"line":8,"column":14}},"3":{"start":{"line":10,"column":0},"end":{"line":10,"column":18}}},"fnMap":{"0":{"name":"(anonymous_0)","decl":{"start":{"line":6,"column":29},"end":{"line":6,"column":30}},"loc":{"start":{"line":6,"column":35},"end":{"line":9,"column":1}},"line":6}},"branchMap":{},"s":{"0":7,"1":7,"2":7,"3":7},"f":{"0":7},"b":{},"_coverageSchema":"332fd63041d2c1bcb487cc26dd0d5f7d97098a6c","hash":"c54fa80cbc26caffa9d9650530863cda6a9d3c9c"}
,"E:\\KamalFiles\\Projects\\turing-ecommerce\\src\\eventBus.js": {"path":"E:\\KamalFiles\\Projects\\turing-ecommerce\\src\\eventBus.js","statementMap":{},"fnMap":{},"branchMap":{},"s":{},"f":{},"b":{},"_coverageSchema":"332fd63041d2c1bcb487cc26dd0d5f7d97098a6c","hash":"37e87027464dc42ec83f5173ca2e83c6ffc8f50b"}
,"E:\\KamalFiles\\Projects\\turing-ecommerce\\src\\router.js": {"path":"E:\\KamalFiles\\Projects\\turing-ecommerce\\src\\router.js","statementMap":{"0":{"start":{"line":5,"column":0},"end":{"line":5,"column":15}},"1":{"start":{"line":7,"column":13},"end":{"line":46,"column":2}},"2":{"start":{"line":13,"column":23},"end":{"line":13,"column":51}},"3":{"start":{"line":26,"column":27},"end":{"line":26,"column":54}},"4":{"start":{"line":35,"column":27},"end":{"line":35,"column":56}},"5":{"start":{"line":40,"column":27},"end":{"line":40,"column":62}},"6":{"start":{"line":48,"column":0},"end":{"line":59,"column":2}},"7":{"start":{"line":49,"column":14},"end":{"line":49,"column":43}},"8":{"start":{"line":50,"column":2},"end":{"line":57,"column":3}},"9":{"start":{"line":50,"column":32},"end":{"line":50,"column":48}},"10":{"start":{"line":51,"column":4},"end":{"line":56,"column":5}},"11":{"start":{"line":52,"column":6},"end":{"line":55,"column":8}},"12":{"start":{"line":58,"column":2},"end":{"line":58,"column":15}}},"fnMap":{"0":{"name":"(anonymous_0)","decl":{"start":{"line":13,"column":17},"end":{"line":13,"column":18}},"loc":{"start":{"line":13,"column":23},"end":{"line":13,"column":51}},"line":13},"1":{"name":"(anonymous_1)","decl":{"start":{"line":26,"column":21},"end":{"line":26,"column":22}},"loc":{"start":{"line":26,"column":27},"end":{"line":26,"column":54}},"line":26},"2":{"name":"(anonymous_2)","decl":{"start":{"line":35,"column":21},"end":{"line":35,"column":22}},"loc":{"start":{"line":35,"column":27},"end":{"line":35,"column":56}},"line":35},"3":{"name":"(anonymous_3)","decl":{"start":{"line":40,"column":21},"end":{"line":40,"column":22}},"loc":{"start":{"line":40,"column":27},"end":{"line":40,"column":62}},"line":40},"4":{"name":"(anonymous_4)","decl":{"start":{"line":48,"column":18},"end":{"line":48,"column":19}},"loc":{"start":{"line":48,"column":38},"end":{"line":59,"column":1}},"line":48},"5":{"name":"(anonymous_5)","decl":{"start":{"line":50,"column":22},"end":{"line":50,"column":23}},"loc":{"start":{"line":50,"column":32},"end":{"line":50,"column":48}},"line":50}},"branchMap":{"0":{"loc":{"start":{"line":50,"column":2},"end":{"line":57,"column":3}},"type":"if","locations":[{"start":{"line":50,"column":2},"end":{"line":57,"column":3}},{"start":{"line":50,"column":2},"end":{"line":57,"column":3}}],"line":50},"1":{"loc":{"start":{"line":51,"column":4},"end":{"line":56,"column":5}},"type":"if","locations":[{"start":{"line":51,"column":4},"end":{"line":56,"column":5}},{"start":{"line":51,"column":4},"end":{"line":56,"column":5}}],"line":51}},"s":{"0":2,"1":2,"2":3,"3":0,"4":0,"5":1,"6":2,"7":3,"8":3,"9":6,"10":0,"11":0,"12":3},"f":{"0":3,"1":0,"2":0,"3":1,"4":3,"5":6},"b":{"0":[0,3],"1":[0,0]},"_coverageSchema":"332fd63041d2c1bcb487cc26dd0d5f7d97098a6c","hash":"f289c45ef12a8cf6d02b0644f563d8a985aeca35"}
,"E:\\KamalFiles\\Projects\\turing-ecommerce\\src\\assets\\images\\gbr.png": {"path":"E:\\KamalFiles\\Projects\\turing-ecommerce\\src\\assets\\images\\gbr.png","statementMap":{"0":{"start":{"line":1,"column":0},"end":{"line":1,"column":19}}},"fnMap":{},"branchMap":{},"s":{"0":1},"f":{},"b":{},"_coverageSchema":"332fd63041d2c1bcb487cc26dd0d5f7d97098a6c","hash":"2128b90aefca6028c6d0366070b01df595ecec4d"}
,"E:\\KamalFiles\\Projects\\turing-ecommerce\\src\\assets\\images\\icons-bag.png": {"path":"E:\\KamalFiles\\Projects\\turing-ecommerce\\src\\assets\\images\\icons-bag.png","statementMap":{"0":{"start":{"line":1,"column":0},"end":{"line":1,"column":19}}},"fnMap":{},"branchMap":{},"s":{"0":1},"f":{},"b":{},"_coverageSchema":"332fd63041d2c1bcb487cc26dd0d5f7d97098a6c","hash":"457ee355393373996fdee513b311f37c29c65c0f"}
,"E:\\KamalFiles\\Projects\\turing-ecommerce\\src\\components\\Authentication\\AuthTemp.vue": {"path":"E:\\KamalFiles\\Projects\\turing-ecommerce\\src\\components\\Authentication\\AuthTemp.vue","statementMap":{"0":{"start":{"line":52,"column":0},"end":{"line":null,"column":-1}},"1":{"start":{"line":56,"column":0},"end":{"line":null,"column":-1}},"2":{"start":{"line":60,"column":0},"end":{"line":null,"column":-1}},"3":{"start":{"line":68,"column":0},"end":{"line":70,"column":0}},"4":{"start":{"line":69,"column":0},"end":{"line":null,"column":-1}}},"fnMap":{"0":{"name":"(anonymous_1)","decl":{"start":{"line":52,"column":0},"end":{"line":null,"column":-1}},"loc":{"start":{"line":52,"column":0},"end":{"line":null,"column":-1}}},"1":{"name":"(anonymous_2)","decl":{"start":{"line":56,"column":0},"end":{"line":null,"column":-1}},"loc":{"start":{"line":56,"column":0},"end":{"line":null,"column":-1}}},"2":{"name":"(anonymous_3)","decl":{"start":{"line":60,"column":0},"end":{"line":null,"column":-1}},"loc":{"start":{"line":60,"column":0},"end":{"line":null,"column":-1}}},"3":{"name":"(anonymous_4)","decl":{"start":{"line":68,"column":0},"end":{"line":null,"column":-1}},"loc":{"start":{"line":68,"column":0},"end":{"line":70,"column":0}}}},"branchMap":{},"s":{"0":0,"1":0,"2":2,"3":0,"4":0},"f":{"0":0,"1":0,"2":2,"3":0},"b":{}}
,"E:\\KamalFiles\\Projects\\turing-ecommerce\\src\\components\\Footer\\Footer.vue": {"path":"E:\\KamalFiles\\Projects\\turing-ecommerce\\src\\components\\Footer\\Footer.vue","statementMap":{"0":{"start":{"line":34,"column":0},"end":{"line":null,"column":-1}},"1":{"start":{"line":41,"column":0},"end":{"line":null,"column":-1}}},"fnMap":{},"branchMap":{},"s":{"0":3,"1":0},"f":{},"b":{}}
,"E:\\KamalFiles\\Projects\\turing-ecommerce\\src\\components\\Home\\AttrsSidebar.vue": {"path":"E:\\KamalFiles\\Projects\\turing-ecommerce\\src\\components\\Home\\AttrsSidebar.vue","statementMap":{"0":{"start":{"line":160,"column":0},"end":{"line":null,"column":-1}},"1":{"start":{"line":161,"column":0},"end":{"line":null,"column":-1}},"2":{"start":{"line":162,"column":0},"end":{"line":null,"column":-1}},"3":{"start":{"line":180,"column":0},"end":{"line":null,"column":-1}},"4":{"start":{"line":183,"column":0},"end":{"line":null,"column":-1}},"5":{"start":{"line":184,"column":0},"end":{"line":null,"column":-1}},"6":{"start":{"line":192,"column":0},"end":{"line":null,"column":-1}},"7":{"start":{"line":194,"column":0},"end":{"line":null,"column":-1}},"8":{"start":{"line":198,"column":0},"end":{"line":null,"column":-1}},"9":{"start":{"line":202,"column":0},"end":{"line":null,"column":-1}},"10":{"start":{"line":203,"column":0},"end":{"line":null,"column":-1}},"11":{"start":{"line":204,"column":0},"end":{"line":null,"column":-1}},"12":{"start":{"line":205,"column":0},"end":{"line":null,"column":-1}},"13":{"start":{"line":209,"column":0},"end":{"line":null,"column":-1}}},"fnMap":{},"branchMap":{"0":{"loc":{"start":{"line":184,"column":0},"end":{"line":null,"column":-1}},"type":"if","locations":[{"start":{"line":184,"column":0},"end":{"line":null,"column":-1}},{"start":{"line":184,"column":0},"end":{"line":null,"column":-1}}]},"1":{"loc":{"start":{"line":192,"column":0},"end":{"line":null,"column":-1}},"type":"if","locations":[{"start":{"line":192,"column":0},"end":{"line":null,"column":-1}},{"start":{"line":192,"column":0},"end":{"line":null,"column":-1}}]},"2":{"loc":{"start":{"line":194,"column":0},"end":{"line":null,"column":-1}},"type":"if","locations":[{"start":{"line":194,"column":0},"end":{"line":null,"column":-1}},{"start":{"line":194,"column":0},"end":{"line":null,"column":-1}}]},"3":{"loc":{"start":{"line":198,"column":0},"end":{"line":null,"column":-1}},"type":"if","locations":[{"start":{"line":198,"column":0},"end":{"line":null,"column":-1}},{"start":{"line":198,"column":0},"end":{"line":null,"column":-1}}]}},"s":{"0":2,"1":2,"2":2,"3":0,"4":0,"5":0,"6":0,"7":0,"8":0,"9":0,"10":0,"11":0,"12":0,"13":0},"f":{},"b":{"0":[0,0],"1":[0,0],"2":[0,0],"3":[0,0]}}
,"E:\\KamalFiles\\Projects\\turing-ecommerce\\src\\components\\Home\\PaginationBar.vue": {"path":"E:\\KamalFiles\\Projects\\turing-ecommerce\\src\\components\\Home\\PaginationBar.vue","statementMap":{"0":{"start":{"line":46,"column":0},"end":{"line":null,"column":-1}},"1":{"start":{"line":55,"column":0},"end":{"line":null,"column":-1}},"2":{"start":{"line":61,"column":0},"end":{"line":null,"column":-1}},"3":{"start":{"line":64,"column":0},"end":{"line":null,"column":-1}}},"fnMap":{},"branchMap":{},"s":{"0":0,"1":0,"2":0,"3":0},"f":{},"b":{}}
,"E:\\KamalFiles\\Projects\\turing-ecommerce\\src\\components\\Home\\ShopCard.vue": {"path":"E:\\KamalFiles\\Projects\\turing-ecommerce\\src\\components\\Home\\ShopCard.vue","statementMap":{"0":{"start":{"line":74,"column":0},"end":{"line":null,"column":-1}}},"fnMap":{},"branchMap":{},"s":{"0":2},"f":{},"b":{}}
,"E:\\KamalFiles\\Projects\\turing-ecommerce\\src\\components\\Home\\Sidebar\\ColorAttributes.vue": {"path":"E:\\KamalFiles\\Projects\\turing-ecommerce\\src\\components\\Home\\Sidebar\\ColorAttributes.vue","statementMap":{"0":{"start":{"line":28,"column":0},"end":{"line":null,"column":-1}},"1":{"start":{"line":48,"column":0},"end":{"line":null,"column":-1}},"2":{"start":{"line":53,"column":0},"end":{"line":null,"column":-1}},"3":{"start":{"line":58,"column":0},"end":{"line":null,"column":-1}}},"fnMap":{},"branchMap":{},"s":{"0":2,"1":0,"2":0,"3":1},"f":{},"b":{}}
,"E:\\KamalFiles\\Projects\\turing-ecommerce\\src\\components\\Home\\Sidebar\\SizeAttributes.vue": {"path":"E:\\KamalFiles\\Projects\\turing-ecommerce\\src\\components\\Home\\Sidebar\\SizeAttributes.vue","statementMap":{"0":{"start":{"line":32,"column":0},"end":{"line":null,"column":-1}},"1":{"start":{"line":52,"column":0},"end":{"line":null,"column":-1}},"2":{"start":{"line":57,"column":0},"end":{"line":null,"column":-1}},"3":{"start":{"line":62,"column":0},"end":{"line":null,"column":-1}}},"fnMap":{},"branchMap":{},"s":{"0":2,"1":0,"2":0,"3":1},"f":{},"b":{}}
,"E:\\KamalFiles\\Projects\\turing-ecommerce\\src\\components\\Navbar\\Cart.vue": {"path":"E:\\KamalFiles\\Projects\\turing-ecommerce\\src\\components\\Navbar\\Cart.vue","statementMap":{"0":{"start":{"line":99,"column":0},"end":{"line":null,"column":-1}},"1":{"start":{"line":100,"column":0},"end":{"line":null,"column":-1}},"2":{"start":{"line":109,"column":0},"end":{"line":null,"column":-1}},"3":{"start":{"line":113,"column":0},"end":{"line":null,"column":-1}},"4":{"start":{"line":119,"column":0},"end":{"line":null,"column":-1}},"5":{"start":{"line":121,"column":0},"end":{"line":null,"column":-1}},"6":{"start":{"line":127,"column":0},"end":{"line":129,"column":0}},"7":{"start":{"line":128,"column":0},"end":{"line":null,"column":-1}},"8":{"start":{"line":133,"column":0},"end":{"line":null,"column":-1}},"9":{"start":{"line":137,"column":0},"end":{"line":null,"column":-1}},"10":{"start":{"line":142,"column":0},"end":{"line":null,"column":-1}},"11":{"start":{"line":147,"column":0},"end":{"line":null,"column":-1}},"12":{"start":{"line":152,"column":0},"end":{"line":null,"column":-1}},"13":{"start":{"line":157,"column":0},"end":{"line":null,"column":-1}},"14":{"start":{"line":158,"column":0},"end":{"line":null,"column":-1}},"15":{"start":{"line":164,"column":0},"end":{"line":null,"column":-1}},"16":{"start":{"line":168,"column":0},"end":{"line":null,"column":-1}},"17":{"start":{"line":174,"column":0},"end":{"line":null,"column":-1}},"18":{"start":{"line":175,"column":0},"end":{"line":null,"column":-1}},"19":{"start":{"line":185,"column":0},"end":{"line":null,"column":-1}},"20":{"start":{"line":193,"column":0},"end":{"line":null,"column":-1}},"21":{"start":{"line":199,"column":0},"end":{"line":null,"column":-1}},"22":{"start":{"line":204,"column":0},"end":{"line":null,"column":-1}}},"fnMap":{"0":{"name":"(anonymous_1)","decl":{"start":{"line":109,"column":0},"end":{"line":null,"column":-1}},"loc":{"start":{"line":109,"column":0},"end":{"line":null,"column":-1}}},"1":{"name":"(anonymous_2)","decl":{"start":{"line":127,"column":0},"end":{"line":null,"column":-1}},"loc":{"start":{"line":127,"column":0},"end":{"line":129,"column":0}}},"2":{"name":"(anonymous_3)","decl":{"start":{"line":141,"column":0},"end":{"line":null,"column":-1}},"loc":{"start":{"line":141,"column":0},"end":{"line":143,"column":0}}},"3":{"name":"(anonymous_4)","decl":{"start":{"line":151,"column":0},"end":{"line":null,"column":-1}},"loc":{"start":{"line":151,"column":0},"end":{"line":153,"column":0}}},"4":{"name":"(anonymous_5)","decl":{"start":{"line":163,"column":0},"end":{"line":null,"column":-1}},"loc":{"start":{"line":163,"column":0},"end":{"line":167,"column":0}}},"5":{"name":"(anonymous_6)","decl":{"start":{"line":168,"column":0},"end":{"line":null,"column":-1}},"loc":{"start":{"line":168,"column":0},"end":{"line":null,"column":-1}}},"6":{"name":"(anonymous_7)","decl":{"start":{"line":184,"column":0},"end":{"line":null,"column":-1}},"loc":{"start":{"line":184,"column":0},"end":{"line":188,"column":0}}},"7":{"name":"(anonymous_8)","decl":{"start":{"line":198,"column":0},"end":{"line":null,"column":-1}},"loc":{"start":{"line":198,"column":0},"end":{"line":202,"column":0}}}},"branchMap":{"0":{"loc":{"start":{"line":133,"column":0},"end":{"line":null,"column":-1}},"type":"if","locations":[{"start":{"line":133,"column":0},"end":{"line":null,"column":-1}},{"start":{"line":133,"column":0},"end":{"line":null,"column":-1}}]}},"s":{"0":4,"1":4,"2":1,"3":1,"4":1,"5":1,"6":1,"7":0,"8":0,"9":2,"10":1,"11":2,"12":1,"13":1,"14":1,"15":1,"16":1,"17":0,"18":0,"19":0,"20":0,"21":0,"22":0},"f":{"0":1,"1":0,"2":1,"3":1,"4":1,"5":1,"6":0,"7":0},"b":{"0":[0,0]}}
,"E:\\KamalFiles\\Projects\\turing-ecommerce\\src\\components\\Navbar\\CartTable.vue": {"path":"E:\\KamalFiles\\Projects\\turing-ecommerce\\src\\components\\Navbar\\CartTable.vue","statementMap":{"0":{"start":{"line":125,"column":0},"end":{"line":null,"column":-1}},"1":{"start":{"line":131,"column":0},"end":{"line":null,"column":-1}},"2":{"start":{"line":136,"column":0},"end":{"line":null,"column":-1}},"3":{"start":{"line":142,"column":0},"end":{"line":null,"column":-1}},"4":{"start":{"line":143,"column":0},"end":{"line":null,"column":-1}}},"fnMap":{"0":{"name":"(anonymous_1)","decl":{"start":{"line":130,"column":0},"end":{"line":null,"column":-1}},"loc":{"start":{"line":130,"column":0},"end":{"line":132,"column":0}}},"1":{"name":"(anonymous_2)","decl":{"start":{"line":141,"column":0},"end":{"line":null,"column":-1}},"loc":{"start":{"line":141,"column":0},"end":{"line":144,"column":0}}}},"branchMap":{},"s":{"0":1,"1":1,"2":1,"3":1,"4":1},"f":{"0":1,"1":1},"b":{}}
,"E:\\KamalFiles\\Projects\\turing-ecommerce\\src\\components\\Navbar\\NavbarDropdown.vue": {"path":"E:\\KamalFiles\\Projects\\turing-ecommerce\\src\\components\\Navbar\\NavbarDropdown.vue","statementMap":{"0":{"start":{"line":173,"column":0},"end":{"line":null,"column":-1}},"1":{"start":{"line":182,"column":0},"end":{"line":null,"column":-1}},"2":{"start":{"line":189,"column":0},"end":{"line":null,"column":-1}},"3":{"start":{"line":191,"column":0},"end":{"line":192,"column":0}},"4":{"start":{"line":197,"column":0},"end":{"line":null,"column":-1}},"5":{"start":{"line":199,"column":0},"end":{"line":200,"column":0}}},"fnMap":{},"branchMap":{"0":{"loc":{"start":{"line":191,"column":0},"end":{"line":192,"column":0}},"type":"if","locations":[{"start":{"line":191,"column":0},"end":{"line":192,"column":0}},{"start":{"line":191,"column":0},"end":{"line":192,"column":0}}]},"1":{"loc":{"start":{"line":199,"column":0},"end":{"line":200,"column":0}},"type":"if","locations":[{"start":{"line":199,"column":0},"end":{"line":200,"column":0}},{"start":{"line":199,"column":0},"end":{"line":200,"column":0}}]}},"s":{"0":3,"1":0,"2":0,"3":0,"4":0,"5":0},"f":{},"b":{"0":[0,0],"1":[0,0]}}
,"E:\\KamalFiles\\Projects\\turing-ecommerce\\src\\components\\Navbar\\TopLevelHeader.vue": {"path":"E:\\KamalFiles\\Projects\\turing-ecommerce\\src\\components\\Navbar\\TopLevelHeader.vue","statementMap":{"0":{"start":{"line":236,"column":0},"end":{"line":null,"column":-1}},"1":{"start":{"line":237,"column":0},"end":{"line":null,"column":-1}},"2":{"start":{"line":238,"column":0},"end":{"line":null,"column":-1}},"3":{"start":{"line":239,"column":0},"end":{"line":null,"column":-1}},"4":{"start":{"line":246,"column":0},"end":{"line":null,"column":-1}},"5":{"start":{"line":280,"column":0},"end":{"line":null,"column":-1}},"6":{"start":{"line":285,"column":0},"end":{"line":287,"column":0}},"7":{"start":{"line":286,"column":0},"end":{"line":null,"column":-1}},"8":{"start":{"line":291,"column":0},"end":{"line":null,"column":-1}},"9":{"start":{"line":295,"column":0},"end":{"line":311,"column":0}},"10":{"start":{"line":296,"column":0},"end":{"line":null,"column":-1}},"11":{"start":{"line":305,"column":0},"end":{"line":null,"column":-1}},"12":{"start":{"line":306,"column":0},"end":{"line":null,"column":-1}},"13":{"start":{"line":307,"column":0},"end":{"line":null,"column":-1}},"14":{"start":{"line":308,"column":0},"end":{"line":null,"column":-1}},"15":{"start":{"line":314,"column":0},"end":{"line":null,"column":-1}},"16":{"start":{"line":315,"column":0},"end":{"line":null,"column":-1}},"17":{"start":{"line":316,"column":0},"end":{"line":null,"column":-1}},"18":{"start":{"line":317,"column":0},"end":{"line":null,"column":-1}},"19":{"start":{"line":324,"column":0},"end":{"line":null,"column":-1}},"20":{"start":{"line":325,"column":0},"end":{"line":null,"column":-1}},"21":{"start":{"line":326,"column":0},"end":{"line":null,"column":-1}},"22":{"start":{"line":327,"column":0},"end":{"line":null,"column":-1}},"23":{"start":{"line":328,"column":0},"end":{"line":null,"column":-1}},"24":{"start":{"line":330,"column":0},"end":{"line":null,"column":-1}},"25":{"start":{"line":334,"column":0},"end":{"line":null,"column":-1}},"26":{"start":{"line":337,"column":0},"end":{"line":null,"column":-1}},"27":{"start":{"line":338,"column":0},"end":{"line":null,"column":-1}},"28":{"start":{"line":339,"column":0},"end":{"line":null,"column":-1}},"29":{"start":{"line":340,"column":0},"end":{"line":null,"column":-1}},"30":{"start":{"line":347,"column":0},"end":{"line":null,"column":-1}},"31":{"start":{"line":348,"column":0},"end":{"line":null,"column":-1}},"32":{"start":{"line":349,"column":0},"end":{"line":null,"column":-1}},"33":{"start":{"line":350,"column":0},"end":{"line":null,"column":-1}},"34":{"start":{"line":351,"column":0},"end":{"line":null,"column":-1}},"35":{"start":{"line":353,"column":0},"end":{"line":null,"column":-1}},"36":{"start":{"line":357,"column":0},"end":{"line":null,"column":-1}},"37":{"start":{"line":360,"column":0},"end":{"line":362,"column":0}},"38":{"start":{"line":361,"column":0},"end":{"line":null,"column":-1}},"39":{"start":{"line":363,"column":0},"end":{"line":null,"column":-1}},"40":{"start":{"line":364,"column":0},"end":{"line":null,"column":-1}},"41":{"start":{"line":374,"column":0},"end":{"line":null,"column":-1}},"42":{"start":{"line":379,"column":0},"end":{"line":null,"column":-1}}},"fnMap":{"0":{"name":"(anonymous_1)","decl":{"start":{"line":285,"column":0},"end":{"line":null,"column":-1}},"loc":{"start":{"line":285,"column":0},"end":{"line":287,"column":0}}},"1":{"name":"(anonymous_2)","decl":{"start":{"line":304,"column":0},"end":{"line":null,"column":-1}},"loc":{"start":{"line":304,"column":0},"end":{"line":309,"column":0}}},"2":{"name":"(anonymous_3)","decl":{"start":{"line":323,"column":0},"end":{"line":null,"column":-1}},"loc":{"start":{"line":323,"column":0},"end":{"line":329,"column":0}}},"3":{"name":"(anonymous_4)","decl":{"start":{"line":330,"column":0},"end":{"line":null,"column":-1}},"loc":{"start":{"line":330,"column":0},"end":{"line":null,"column":-1}}},"4":{"name":"(anonymous_5)","decl":{"start":{"line":346,"column":0},"end":{"line":null,"column":-1}},"loc":{"start":{"line":346,"column":0},"end":{"line":352,"column":0}}},"5":{"name":"(anonymous_6)","decl":{"start":{"line":353,"column":0},"end":{"line":null,"column":-1}},"loc":{"start":{"line":353,"column":0},"end":{"line":null,"column":-1}}},"6":{"name":"(anonymous_7)","decl":{"start":{"line":378,"column":0},"end":{"line":null,"column":-1}},"loc":{"start":{"line":378,"column":0},"end":{"line":380,"column":0}}}},"branchMap":{"0":{"loc":{"start":{"line":295,"column":0},"end":{"line":311,"column":0}},"type":"if","locations":[{"start":{"line":295,"column":0},"end":{"line":311,"column":0}},{"start":{"line":295,"column":0},"end":{"line":311,"column":0}}]},"1":{"loc":{"start":{"line":315,"column":0},"end":{"line":null,"column":-1}},"type":"if","locations":[{"start":{"line":315,"column":0},"end":{"line":null,"column":-1}},{"start":{"line":315,"column":0},"end":{"line":null,"column":-1}}]},"2":{"loc":{"start":{"line":338,"column":0},"end":{"line":null,"column":-1}},"type":"if","locations":[{"start":{"line":338,"column":0},"end":{"line":null,"column":-1}},{"start":{"line":338,"column":0},"end":{"line":null,"column":-1}}]},"3":{"loc":{"start":{"line":360,"column":0},"end":{"line":362,"column":0}},"type":"if","locations":[{"start":{"line":360,"column":0},"end":{"line":362,"column":0}},{"start":{"line":360,"column":0},"end":{"line":362,"column":0}}]}},"s":{"0":4,"1":4,"2":4,"3":4,"4":1,"5":1,"6":1,"7":0,"8":0,"9":0,"10":0,"11":0,"12":0,"13":0,"14":0,"15":1,"16":1,"17":1,"18":1,"19":1,"20":1,"21":1,"22":1,"23":1,"24":1,"25":1,"26":1,"27":2,"28":0,"29":0,"30":0,"31":0,"32":0,"33":0,"34":0,"35":0,"36":0,"37":1,"38":1,"39":1,"40":1,"41":1,"42":0},"f":{"0":0,"1":0,"2":1,"3":1,"4":0,"5":0,"6":0},"b":{"0":[0,0],"1":[0,1],"2":[1,0],"3":[1,0]}}
,"E:\\KamalFiles\\Projects\\turing-ecommerce\\src\\components\\SingleProduct\\Review.vue": {"path":"E:\\KamalFiles\\Projects\\turing-ecommerce\\src\\components\\SingleProduct\\Review.vue","statementMap":{"0":{"start":{"line":55,"column":0},"end":{"line":null,"column":-1}},"1":{"start":{"line":56,"column":0},"end":{"line":null,"column":-1}},"2":{"start":{"line":57,"column":0},"end":{"line":null,"column":-1}}},"fnMap":{},"branchMap":{},"s":{"0":1,"1":1,"2":1},"f":{},"b":{}}
,"E:\\KamalFiles\\Projects\\turing-ecommerce\\src\\contants\\rest_paths.js": {"path":"E:\\KamalFiles\\Projects\\turing-ecommerce\\src\\contants\\rest_paths.js","statementMap":{"0":{"start":{"line":3,"column":15},"end":{"line":3,"column":29}},"1":{"start":{"line":4,"column":18},"end":{"line":4,"column":38}},"2":{"start":{"line":7,"column":15},"end":{"line":7,"column":28}},"3":{"start":{"line":8,"column":18},"end":{"line":8,"column":37}},"4":{"start":{"line":9,"column":24},"end":{"line":9,"column":55}},"5":{"start":{"line":10,"column":27},"end":{"line":10,"column":61}},"6":{"start":{"line":13,"column":15},"end":{"line":13,"column":28}},"7":{"start":{"line":14,"column":18},"end":{"line":14,"column":37}},"8":{"start":{"line":15,"column":18},"end":{"line":15,"column":44}},"9":{"start":{"line":16,"column":24},"end":{"line":16,"column":55}},"10":{"start":{"line":19,"column":15},"end":{"line":19,"column":26}},"11":{"start":{"line":20,"column":18},"end":{"line":20,"column":36}},"12":{"start":{"line":21,"column":18},"end":{"line":21,"column":35}},"13":{"start":{"line":22,"column":25},"end":{"line":22,"column":55}},"14":{"start":{"line":23,"column":27},"end":{"line":23,"column":59}},"15":{"start":{"line":24,"column":19},"end":{"line":24,"column":44}},"16":{"start":{"line":25,"column":21},"end":{"line":25,"column":48}},"17":{"start":{"line":27,"column":17},"end":{"line":27,"column":42}},"18":{"start":{"line":28,"column":17},"end":{"line":28,"column":42}},"19":{"start":{"line":32,"column":18},"end":{"line":32,"column":29}},"20":{"start":{"line":33,"column":18},"end":{"line":33,"column":29}},"21":{"start":{"line":34,"column":15},"end":{"line":34,"column":27}},"22":{"start":{"line":35,"column":17},"end":{"line":35,"column":35}},"23":{"start":{"line":36,"column":19},"end":{"line":36,"column":40}},"24":{"start":{"line":37,"column":26},"end":{"line":37,"column":46}},"25":{"start":{"line":38,"column":25},"end":{"line":38,"column":48}},"26":{"start":{"line":41,"column":15},"end":{"line":41,"column":24}},"27":{"start":{"line":42,"column":18},"end":{"line":42,"column":33}},"28":{"start":{"line":43,"column":23},"end":{"line":43,"column":43}},"29":{"start":{"line":44,"column":24},"end":{"line":44,"column":51}},"30":{"start":{"line":47,"column":30},"end":{"line":47,"column":62}},"31":{"start":{"line":48,"column":15},"end":{"line":48,"column":34}},"32":{"start":{"line":49,"column":15},"end":{"line":49,"column":36}},"33":{"start":{"line":50,"column":28},"end":{"line":50,"column":61}},"34":{"start":{"line":51,"column":22},"end":{"line":51,"column":49}},"35":{"start":{"line":52,"column":29},"end":{"line":52,"column":66}},"36":{"start":{"line":53,"column":24},"end":{"line":53,"column":57}},"37":{"start":{"line":54,"column":31},"end":{"line":54,"column":70}},"38":{"start":{"line":55,"column":21},"end":{"line":55,"column":51}},"39":{"start":{"line":56,"column":31},"end":{"line":56,"column":71}},"40":{"start":{"line":59,"column":15},"end":{"line":59,"column":21}},"41":{"start":{"line":60,"column":18},"end":{"line":60,"column":30}},"42":{"start":{"line":63,"column":19},"end":{"line":63,"column":38}},"43":{"start":{"line":64,"column":27},"end":{"line":64,"column":53}},"44":{"start":{"line":67,"column":18},"end":{"line":67,"column":34}},"45":{"start":{"line":68,"column":20},"end":{"line":68,"column":38}}},"fnMap":{"0":{"name":"(anonymous_0)","decl":{"start":{"line":3,"column":9},"end":{"line":3,"column":10}},"loc":{"start":{"line":3,"column":15},"end":{"line":3,"column":29}},"line":3},"1":{"name":"(anonymous_1)","decl":{"start":{"line":4,"column":12},"end":{"line":4,"column":13}},"loc":{"start":{"line":4,"column":18},"end":{"line":4,"column":38}},"line":4},"2":{"name":"(anonymous_2)","decl":{"start":{"line":7,"column":9},"end":{"line":7,"column":10}},"loc":{"start":{"line":7,"column":15},"end":{"line":7,"column":28}},"line":7},"3":{"name":"(anonymous_3)","decl":{"start":{"line":8,"column":12},"end":{"line":8,"column":13}},"loc":{"start":{"line":8,"column":18},"end":{"line":8,"column":37}},"line":8},"4":{"name":"(anonymous_4)","decl":{"start":{"line":9,"column":16},"end":{"line":9,"column":17}},"loc":{"start":{"line":9,"column":24},"end":{"line":9,"column":55}},"line":9},"5":{"name":"(anonymous_5)","decl":{"start":{"line":10,"column":19},"end":{"line":10,"column":20}},"loc":{"start":{"line":10,"column":27},"end":{"line":10,"column":61}},"line":10},"6":{"name":"(anonymous_6)","decl":{"start":{"line":13,"column":9},"end":{"line":13,"column":10}},"loc":{"start":{"line":13,"column":15},"end":{"line":13,"column":28}},"line":13},"7":{"name":"(anonymous_7)","decl":{"start":{"line":14,"column":12},"end":{"line":14,"column":13}},"loc":{"start":{"line":14,"column":18},"end":{"line":14,"column":37}},"line":14},"8":{"name":"(anonymous_8)","decl":{"start":{"line":15,"column":12},"end":{"line":15,"column":13}},"loc":{"start":{"line":15,"column":18},"end":{"line":15,"column":44}},"line":15},"9":{"name":"(anonymous_9)","decl":{"start":{"line":16,"column":16},"end":{"line":16,"column":17}},"loc":{"start":{"line":16,"column":24},"end":{"line":16,"column":55}},"line":16},"10":{"name":"(anonymous_10)","decl":{"start":{"line":19,"column":9},"end":{"line":19,"column":10}},"loc":{"start":{"line":19,"column":15},"end":{"line":19,"column":26}},"line":19},"11":{"name":"(anonymous_11)","decl":{"start":{"line":20,"column":12},"end":{"line":20,"column":13}},"loc":{"start":{"line":20,"column":18},"end":{"line":20,"column":36}},"line":20},"12":{"name":"(anonymous_12)","decl":{"start":{"line":21,"column":12},"end":{"line":21,"column":13}},"loc":{"start":{"line":21,"column":18},"end":{"line":21,"column":35}},"line":21},"13":{"name":"(anonymous_13)","decl":{"start":{"line":22,"column":17},"end":{"line":22,"column":18}},"loc":{"start":{"line":22,"column":25},"end":{"line":22,"column":55}},"line":22},"14":{"name":"(anonymous_14)","decl":{"start":{"line":23,"column":19},"end":{"line":23,"column":20}},"loc":{"start":{"line":23,"column":27},"end":{"line":23,"column":59}},"line":23},"15":{"name":"(anonymous_15)","decl":{"start":{"line":24,"column":13},"end":{"line":24,"column":14}},"loc":{"start":{"line":24,"column":19},"end":{"line":24,"column":44}},"line":24},"16":{"name":"(anonymous_16)","decl":{"start":{"line":25,"column":15},"end":{"line":25,"column":16}},"loc":{"start":{"line":25,"column":21},"end":{"line":25,"column":48}},"line":25},"17":{"name":"(anonymous_17)","decl":{"start":{"line":27,"column":11},"end":{"line":27,"column":12}},"loc":{"start":{"line":27,"column":17},"end":{"line":27,"column":42}},"line":27},"18":{"name":"(anonymous_18)","decl":{"start":{"line":28,"column":11},"end":{"line":28,"column":12}},"loc":{"start":{"line":28,"column":17},"end":{"line":28,"column":42}},"line":28},"19":{"name":"(anonymous_19)","decl":{"start":{"line":32,"column":12},"end":{"line":32,"column":13}},"loc":{"start":{"line":32,"column":18},"end":{"line":32,"column":29}},"line":32},"20":{"name":"(anonymous_20)","decl":{"start":{"line":33,"column":12},"end":{"line":33,"column":13}},"loc":{"start":{"line":33,"column":18},"end":{"line":33,"column":29}},"line":33},"21":{"name":"(anonymous_21)","decl":{"start":{"line":34,"column":9},"end":{"line":34,"column":10}},"loc":{"start":{"line":34,"column":15},"end":{"line":34,"column":27}},"line":34},"22":{"name":"(anonymous_22)","decl":{"start":{"line":35,"column":11},"end":{"line":35,"column":12}},"loc":{"start":{"line":35,"column":17},"end":{"line":35,"column":35}},"line":35},"23":{"name":"(anonymous_23)","decl":{"start":{"line":36,"column":13},"end":{"line":36,"column":14}},"loc":{"start":{"line":36,"column":19},"end":{"line":36,"column":40}},"line":36},"24":{"name":"(anonymous_24)","decl":{"start":{"line":37,"column":20},"end":{"line":37,"column":21}},"loc":{"start":{"line":37,"column":26},"end":{"line":37,"column":46}},"line":37},"25":{"name":"(anonymous_25)","decl":{"start":{"line":38,"column":19},"end":{"line":38,"column":20}},"loc":{"start":{"line":38,"column":25},"end":{"line":38,"column":48}},"line":38},"26":{"name":"(anonymous_26)","decl":{"start":{"line":41,"column":9},"end":{"line":41,"column":10}},"loc":{"start":{"line":41,"column":15},"end":{"line":41,"column":24}},"line":41},"27":{"name":"(anonymous_27)","decl":{"start":{"line":42,"column":12},"end":{"line":42,"column":13}},"loc":{"start":{"line":42,"column":18},"end":{"line":42,"column":33}},"line":42},"28":{"name":"(anonymous_28)","decl":{"start":{"line":43,"column":17},"end":{"line":43,"column":18}},"loc":{"start":{"line":43,"column":23},"end":{"line":43,"column":43}},"line":43},"29":{"name":"(anonymous_29)","decl":{"start":{"line":44,"column":18},"end":{"line":44,"column":19}},"loc":{"start":{"line":44,"column":24},"end":{"line":44,"column":51}},"line":44},"30":{"name":"(anonymous_30)","decl":{"start":{"line":47,"column":24},"end":{"line":47,"column":25}},"loc":{"start":{"line":47,"column":30},"end":{"line":47,"column":62}},"line":47},"31":{"name":"(anonymous_31)","decl":{"start":{"line":48,"column":9},"end":{"line":48,"column":10}},"loc":{"start":{"line":48,"column":15},"end":{"line":48,"column":34}},"line":48},"32":{"name":"(anonymous_32)","decl":{"start":{"line":49,"column":9},"end":{"line":49,"column":10}},"loc":{"start":{"line":49,"column":15},"end":{"line":49,"column":36}},"line":49},"33":{"name":"(anonymous_33)","decl":{"start":{"line":50,"column":17},"end":{"line":50,"column":18}},"loc":{"start":{"line":50,"column":28},"end":{"line":50,"column":61}},"line":50},"34":{"name":"(anonymous_34)","decl":{"start":{"line":51,"column":16},"end":{"line":51,"column":17}},"loc":{"start":{"line":51,"column":22},"end":{"line":51,"column":49}},"line":51},"35":{"name":"(anonymous_35)","decl":{"start":{"line":52,"column":18},"end":{"line":52,"column":19}},"loc":{"start":{"line":52,"column":29},"end":{"line":52,"column":66}},"line":52},"36":{"name":"(anonymous_36)","decl":{"start":{"line":53,"column":18},"end":{"line":53,"column":19}},"loc":{"start":{"line":53,"column":24},"end":{"line":53,"column":57}},"line":53},"37":{"name":"(anonymous_37)","decl":{"start":{"line":54,"column":20},"end":{"line":54,"column":21}},"loc":{"start":{"line":54,"column":31},"end":{"line":54,"column":70}},"line":54},"38":{"name":"(anonymous_38)","decl":{"start":{"line":55,"column":15},"end":{"line":55,"column":16}},"loc":{"start":{"line":55,"column":21},"end":{"line":55,"column":51}},"line":55},"39":{"name":"(anonymous_39)","decl":{"start":{"line":56,"column":20},"end":{"line":56,"column":21}},"loc":{"start":{"line":56,"column":31},"end":{"line":56,"column":71}},"line":56},"40":{"name":"(anonymous_40)","decl":{"start":{"line":59,"column":9},"end":{"line":59,"column":10}},"loc":{"start":{"line":59,"column":15},"end":{"line":59,"column":21}},"line":59},"41":{"name":"(anonymous_41)","decl":{"start":{"line":60,"column":12},"end":{"line":60,"column":13}},"loc":{"start":{"line":60,"column":18},"end":{"line":60,"column":30}},"line":60},"42":{"name":"(anonymous_42)","decl":{"start":{"line":63,"column":13},"end":{"line":63,"column":14}},"loc":{"start":{"line":63,"column":19},"end":{"line":63,"column":38}},"line":63},"43":{"name":"(anonymous_43)","decl":{"start":{"line":64,"column":19},"end":{"line":64,"column":20}},"loc":{"start":{"line":64,"column":27},"end":{"line":64,"column":53}},"line":64},"44":{"name":"(anonymous_44)","decl":{"start":{"line":67,"column":12},"end":{"line":67,"column":13}},"loc":{"start":{"line":67,"column":18},"end":{"line":67,"column":34}},"line":67},"45":{"name":"(anonymous_45)","decl":{"start":{"line":68,"column":14},"end":{"line":68,"column":15}},"loc":{"start":{"line":68,"column":20},"end":{"line":68,"column":38}},"line":68}},"branchMap":{},"s":{"0":0,"1":0,"2":0,"3":0,"4":0,"5":0,"6":4,"7":0,"8":2,"9":3,"10":0,"11":2,"12":3,"13":12,"14":17,"15":0,"16":3,"17":3,"18":0,"19":3,"20":1,"21":2,"22":0,"23":0,"24":3,"25":3,"26":0,"27":0,"28":0,"29":0,"30":1,"31":0,"32":3,"33":0,"34":0,"35":2,"36":2,"37":2,"38":4,"39":2,"40":0,"41":0,"42":0,"43":0,"44":0,"45":0},"f":{"0":0,"1":0,"2":0,"3":0,"4":0,"5":0,"6":4,"7":0,"8":2,"9":3,"10":0,"11":2,"12":3,"13":12,"14":17,"15":0,"16":3,"17":3,"18":0,"19":3,"20":1,"21":2,"22":0,"23":0,"24":3,"25":3,"26":0,"27":0,"28":0,"29":0,"30":1,"31":0,"32":3,"33":0,"34":0,"35":2,"36":2,"37":2,"38":4,"39":2,"40":0,"41":0,"42":0,"43":0,"44":0,"45":0},"b":{},"_coverageSchema":"332fd63041d2c1bcb487cc26dd0d5f7d97098a6c","hash":"6106cc55d0066c284d8cf58926ef0ec7428926ec"}
,"E:\\KamalFiles\\Projects\\turing-ecommerce\\src\\layouts\\Main.vue": {"path":"E:\\KamalFiles\\Projects\\turing-ecommerce\\src\\layouts\\Main.vue","statementMap":{"0":{"start":{"line":171,"column":0},"end":{"line":null,"column":-1}},"1":{"start":{"line":172,"column":0},"end":{"line":null,"column":-1}},"2":{"start":{"line":173,"column":0},"end":{"line":null,"column":-1}},"3":{"start":{"line":174,"column":0},"end":{"line":null,"column":-1}},"4":{"start":{"line":175,"column":0},"end":{"line":null,"column":-1}},"5":{"start":{"line":176,"column":0},"end":{"line":null,"column":-1}},"6":{"start":{"line":177,"column":0},"end":{"line":null,"column":-1}},"7":{"start":{"line":190,"column":0},"end":{"line":null,"column":-1}},"8":{"start":{"line":199,"column":0},"end":{"line":null,"column":-1}},"9":{"start":{"line":203,"column":0},"end":{"line":205,"column":0}},"10":{"start":{"line":204,"column":0},"end":{"line":null,"column":-1}},"11":{"start":{"line":206,"column":0},"end":{"line":219,"column":0}},"12":{"start":{"line":207,"column":0},"end":{"line":null,"column":-1}},"13":{"start":{"line":208,"column":0},"end":{"line":218,"column":0}},"14":{"start":{"line":209,"column":0},"end":{"line":null,"column":-1}},"15":{"start":{"line":214,"column":0},"end":{"line":null,"column":-1}},"16":{"start":{"line":223,"column":0},"end":{"line":null,"column":-1}},"17":{"start":{"line":225,"column":0},"end":{"line":226,"column":0}},"18":{"start":{"line":233,"column":0},"end":{"line":null,"column":-1}},"19":{"start":{"line":238,"column":0},"end":{"line":252,"column":0}},"20":{"start":{"line":239,"column":0},"end":{"line":null,"column":-1}},"21":{"start":{"line":249,"column":0},"end":{"line":null,"column":-1}}},"fnMap":{"0":{"name":"(anonymous_1)","decl":{"start":{"line":203,"column":0},"end":{"line":null,"column":-1}},"loc":{"start":{"line":203,"column":0},"end":{"line":205,"column":0}}},"1":{"name":"(anonymous_2)","decl":{"start":{"line":206,"column":0},"end":{"line":null,"column":-1}},"loc":{"start":{"line":206,"column":0},"end":{"line":219,"column":0}}},"2":{"name":"(anonymous_3)","decl":{"start":{"line":237,"column":0},"end":{"line":null,"column":-1}},"loc":{"start":{"line":237,"column":0},"end":{"line":253,"column":0}}},"3":{"name":"(anonymous_4)","decl":{"start":{"line":238,"column":0},"end":{"line":null,"column":-1}},"loc":{"start":{"line":238,"column":0},"end":{"line":252,"column":0}}},"4":{"name":"(anonymous_5)","decl":{"start":{"line":248,"column":0},"end":{"line":null,"column":-1}},"loc":{"start":{"line":248,"column":0},"end":{"line":250,"column":0}}}},"branchMap":{"0":{"loc":{"start":{"line":208,"column":0},"end":{"line":218,"column":0}},"type":"if","locations":[{"start":{"line":208,"column":0},"end":{"line":218,"column":0}},{"start":{"line":208,"column":0},"end":{"line":218,"column":0}}]},"1":{"loc":{"start":{"line":208,"column":0},"end":{"line":null,"column":-1}},"type":"binary-expr","locations":[{"start":{"line":208,"column":0},"end":{"line":null,"column":-1}},{"start":{"line":208,"column":0},"end":{"line":null,"column":-1}}]},"2":{"loc":{"start":{"line":209,"column":0},"end":{"line":null,"column":-1}},"type":"if","locations":[{"start":{"line":209,"column":0},"end":{"line":null,"column":-1}},{"start":{"line":209,"column":0},"end":{"line":null,"column":-1}}]},"3":{"loc":{"start":{"line":214,"column":0},"end":{"line":null,"column":-1}},"type":"if","locations":[{"start":{"line":214,"column":0},"end":{"line":null,"column":-1}},{"start":{"line":214,"column":0},"end":{"line":null,"column":-1}}]},"4":{"loc":{"start":{"line":225,"column":0},"end":{"line":226,"column":0}},"type":"if","locations":[{"start":{"line":225,"column":0},"end":{"line":226,"column":0}},{"start":{"line":225,"column":0},"end":{"line":226,"column":0}}]}},"s":{"0":3,"1":3,"2":3,"3":3,"4":3,"5":3,"6":3,"7":1,"8":0,"9":1,"10":0,"11":1,"12":0,"13":0,"14":0,"15":0,"16":0,"17":0,"18":1,"19":0,"20":0,"21":0},"f":{"0":0,"1":0,"2":0,"3":0,"4":0},"b":{"0":[0,0],"1":[0,0],"2":[0,0],"3":[0,0],"4":[0,0]}}
,"E:\\KamalFiles\\Projects\\turing-ecommerce\\src\\mixins\\asyncHelpers.js": {"path":"E:\\KamalFiles\\Projects\\turing-ecommerce\\src\\mixins\\asyncHelpers.js","statementMap":{"0":{"start":{"line":20,"column":30},"end":{"line":35,"column":1}},"1":{"start":{"line":21,"column":21},"end":{"line":28,"column":3}},"2":{"start":{"line":29,"column":2},"end":{"line":33,"column":3}},"3":{"start":{"line":30,"column":4},"end":{"line":32,"column":5}},"4":{"start":{"line":31,"column":6},"end":{"line":31,"column":39}},"5":{"start":{"line":34,"column":2},"end":{"line":34,"column":21}},"6":{"start":{"line":41,"column":4},"end":{"line":55,"column":5}},"7":{"start":{"line":42,"column":6},"end":{"line":45,"column":7}},"8":{"start":{"line":47,"column":11},"end":{"line":55,"column":5}},"9":{"start":{"line":48,"column":6},"end":{"line":54,"column":7}},"10":{"start":{"line":49,"column":8},"end":{"line":51,"column":10}},"11":{"start":{"line":53,"column":8},"end":{"line":53,"column":29}},"12":{"start":{"line":57,"column":4},"end":{"line":80,"column":5}},"13":{"start":{"line":59,"column":6},"end":{"line":69,"column":7}},"14":{"start":{"line":61,"column":8},"end":{"line":63,"column":9}},"15":{"start":{"line":62,"column":10},"end":{"line":62,"column":37}},"16":{"start":{"line":64,"column":8},"end":{"line":68,"column":9}},"17":{"start":{"line":65,"column":10},"end":{"line":67,"column":11}},"18":{"start":{"line":66,"column":12},"end":{"line":66,"column":40}},"19":{"start":{"line":71,"column":6},"end":{"line":78,"column":7}},"20":{"start":{"line":72,"column":8},"end":{"line":77,"column":9}},"21":{"start":{"line":76,"column":10},"end":{"line":76,"column":40}},"22":{"start":{"line":79,"column":6},"end":{"line":79,"column":21}},"23":{"start":{"line":85,"column":4},"end":{"line":101,"column":5}},"24":{"start":{"line":86,"column":6},"end":{"line":89,"column":7}},"25":{"start":{"line":91,"column":11},"end":{"line":101,"column":5}},"26":{"start":{"line":92,"column":6},"end":{"line":100,"column":7}},"27":{"start":{"line":93,"column":8},"end":{"line":97,"column":10}},"28":{"start":{"line":99,"column":8},"end":{"line":99,"column":29}},"29":{"start":{"line":103,"column":4},"end":{"line":173,"column":5}},"30":{"start":{"line":105,"column":6},"end":{"line":128,"column":7}},"31":{"start":{"line":106,"column":27},"end":{"line":106,"column":31}},"32":{"start":{"line":107,"column":8},"end":{"line":109,"column":9}},"33":{"start":{"line":108,"column":10},"end":{"line":108,"column":55}},"34":{"start":{"line":110,"column":8},"end":{"line":118,"column":9}},"35":{"start":{"line":111,"column":10},"end":{"line":117,"column":11}},"36":{"start":{"line":120,"column":8},"end":{"line":122,"column":9}},"37":{"start":{"line":121,"column":10},"end":{"line":121,"column":37}},"38":{"start":{"line":123,"column":8},"end":{"line":127,"column":9}},"39":{"start":{"line":124,"column":10},"end":{"line":126,"column":11}},"40":{"start":{"line":125,"column":12},"end":{"line":125,"column":40}},"41":{"start":{"line":130,"column":6},"end":{"line":151,"column":7}},"42":{"start":{"line":131,"column":33},"end":{"line":131,"column":37}},"43":{"start":{"line":132,"column":8},"end":{"line":134,"column":9}},"44":{"start":{"line":133,"column":10},"end":{"line":133,"column":62}},"45":{"start":{"line":135,"column":8},"end":{"line":141,"column":9}},"46":{"start":{"line":143,"column":8},"end":{"line":147,"column":9}},"47":{"start":{"line":148,"column":8},"end":{"line":150,"column":9}},"48":{"start":{"line":149,"column":10},"end":{"line":149,"column":38}},"49":{"start":{"line":153,"column":6},"end":{"line":171,"column":7}},"50":{"start":{"line":154,"column":38},"end":{"line":154,"column":42}},"51":{"start":{"line":155,"column":8},"end":{"line":157,"column":9}},"52":{"start":{"line":156,"column":10},"end":{"line":156,"column":69}},"53":{"start":{"line":158,"column":8},"end":{"line":164,"column":9}},"54":{"start":{"line":165,"column":8},"end":{"line":170,"column":9}},"55":{"start":{"line":169,"column":10},"end":{"line":169,"column":40}},"56":{"start":{"line":172,"column":6},"end":{"line":172,"column":21}}},"fnMap":{"0":{"name":"(anonymous_0)","decl":{"start":{"line":20,"column":30},"end":{"line":20,"column":31}},"loc":{"start":{"line":20,"column":66},"end":{"line":35,"column":1}},"line":20}},"branchMap":{"0":{"loc":{"start":{"line":29,"column":2},"end":{"line":33,"column":3}},"type":"if","locations":[{"start":{"line":29,"column":2},"end":{"line":33,"column":3}},{"start":{"line":29,"column":2},"end":{"line":33,"column":3}}],"line":29},"1":{"loc":{"start":{"line":41,"column":4},"end":{"line":55,"column":5}},"type":"if","locations":[{"start":{"line":41,"column":4},"end":{"line":55,"column":5}},{"start":{"line":41,"column":4},"end":{"line":55,"column":5}}],"line":41},"2":{"loc":{"start":{"line":44,"column":8},"end":{"line":44,"column":62}},"type":"cond-expr","locations":[{"start":{"line":44,"column":34},"end":{"line":44,"column":57}},{"start":{"line":44,"column":60},"end":{"line":44,"column":62}}],"line":44},"3":{"loc":{"start":{"line":47,"column":11},"end":{"line":55,"column":5}},"type":"if","locations":[{"start":{"line":47,"column":11},"end":{"line":55,"column":5}},{"start":{"line":47,"column":11},"end":{"line":55,"column":5}}],"line":47},"4":{"loc":{"start":{"line":57,"column":4},"end":{"line":80,"column":5}},"type":"if","locations":[{"start":{"line":57,"column":4},"end":{"line":80,"column":5}},{"start":{"line":57,"column":4},"end":{"line":80,"column":5}}],"line":57},"5":{"loc":{"start":{"line":59,"column":6},"end":{"line":69,"column":7}},"type":"if","locations":[{"start":{"line":59,"column":6},"end":{"line":69,"column":7}},{"start":{"line":59,"column":6},"end":{"line":69,"column":7}}],"line":59},"6":{"loc":{"start":{"line":59,"column":10},"end":{"line":59,"column":60}},"type":"binary-expr","locations":[{"start":{"line":59,"column":10},"end":{"line":59,"column":33}},{"start":{"line":59,"column":37},"end":{"line":59,"column":60}}],"line":59},"7":{"loc":{"start":{"line":61,"column":8},"end":{"line":63,"column":9}},"type":"if","locations":[{"start":{"line":61,"column":8},"end":{"line":63,"column":9}},{"start":{"line":61,"column":8},"end":{"line":63,"column":9}}],"line":61},"8":{"loc":{"start":{"line":61,"column":12},"end":{"line":61,"column":63}},"type":"binary-expr","locations":[{"start":{"line":61,"column":12},"end":{"line":61,"column":24}},{"start":{"line":61,"column":28},"end":{"line":61,"column":63}}],"line":61},"9":{"loc":{"start":{"line":64,"column":8},"end":{"line":68,"column":9}},"type":"if","locations":[{"start":{"line":64,"column":8},"end":{"line":68,"column":9}},{"start":{"line":64,"column":8},"end":{"line":68,"column":9}}],"line":64},"10":{"loc":{"start":{"line":64,"column":12},"end":{"line":64,"column":54}},"type":"binary-expr","locations":[{"start":{"line":64,"column":12},"end":{"line":64,"column":25}},{"start":{"line":64,"column":29},"end":{"line":64,"column":54}}],"line":64},"11":{"loc":{"start":{"line":65,"column":10},"end":{"line":67,"column":11}},"type":"if","locations":[{"start":{"line":65,"column":10},"end":{"line":67,"column":11}},{"start":{"line":65,"column":10},"end":{"line":67,"column":11}}],"line":65},"12":{"loc":{"start":{"line":65,"column":14},"end":{"line":65,"column":77}},"type":"binary-expr","locations":[{"start":{"line":65,"column":14},"end":{"line":65,"column":32}},{"start":{"line":65,"column":36},"end":{"line":65,"column":77}}],"line":65},"13":{"loc":{"start":{"line":71,"column":6},"end":{"line":78,"column":7}},"type":"if","locations":[{"start":{"line":71,"column":6},"end":{"line":78,"column":7}},{"start":{"line":71,"column":6},"end":{"line":78,"column":7}}],"line":71},"14":{"loc":{"start":{"line":72,"column":8},"end":{"line":77,"column":9}},"type":"if","locations":[{"start":{"line":72,"column":8},"end":{"line":77,"column":9}},{"start":{"line":72,"column":8},"end":{"line":77,"column":9}}],"line":72},"15":{"loc":{"start":{"line":73,"column":10},"end":{"line":74,"column":53}},"type":"binary-expr","locations":[{"start":{"line":73,"column":10},"end":{"line":73,"column":30}},{"start":{"line":74,"column":10},"end":{"line":74,"column":53}}],"line":73},"16":{"loc":{"start":{"line":85,"column":4},"end":{"line":101,"column":5}},"type":"if","locations":[{"start":{"line":85,"column":4},"end":{"line":101,"column":5}},{"start":{"line":85,"column":4},"end":{"line":101,"column":5}}],"line":85},"17":{"loc":{"start":{"line":88,"column":8},"end":{"line":88,"column":68}},"type":"cond-expr","locations":[{"start":{"line":88,"column":37},"end":{"line":88,"column":63}},{"start":{"line":88,"column":66},"end":{"line":88,"column":68}}],"line":88},"18":{"loc":{"start":{"line":91,"column":11},"end":{"line":101,"column":5}},"type":"if","locations":[{"start":{"line":91,"column":11},"end":{"line":101,"column":5}},{"start":{"line":91,"column":11},"end":{"line":101,"column":5}}],"line":91},"19":{"loc":{"start":{"line":103,"column":4},"end":{"line":173,"column":5}},"type":"if","locations":[{"start":{"line":103,"column":4},"end":{"line":173,"column":5}},{"start":{"line":103,"column":4},"end":{"line":173,"column":5}}],"line":103},"20":{"loc":{"start":{"line":105,"column":6},"end":{"line":128,"column":7}},"type":"if","locations":[{"start":{"line":105,"column":6},"end":{"line":128,"column":7}},{"start":{"line":105,"column":6},"end":{"line":128,"column":7}}],"line":105},"21":{"loc":{"start":{"line":105,"column":10},"end":{"line":105,"column":53}},"type":"binary-expr","locations":[{"start":{"line":105,"column":10},"end":{"line":105,"column":33}},{"start":{"line":105,"column":37},"end":{"line":105,"column":53}}],"line":105},"22":{"loc":{"start":{"line":107,"column":8},"end":{"line":109,"column":9}},"type":"if","locations":[{"start":{"line":107,"column":8},"end":{"line":109,"column":9}},{"start":{"line":107,"column":8},"end":{"line":109,"column":9}}],"line":107},"23":{"loc":{"start":{"line":110,"column":8},"end":{"line":118,"column":9}},"type":"if","locations":[{"start":{"line":110,"column":8},"end":{"line":118,"column":9}},{"start":{"line":110,"column":8},"end":{"line":118,"column":9}}],"line":110},"24":{"loc":{"start":{"line":120,"column":8},"end":{"line":122,"column":9}},"type":"if","locations":[{"start":{"line":120,"column":8},"end":{"line":122,"column":9}},{"start":{"line":120,"column":8},"end":{"line":122,"column":9}}],"line":120},"25":{"loc":{"start":{"line":120,"column":12},"end":{"line":120,"column":63}},"type":"binary-expr","locations":[{"start":{"line":120,"column":12},"end":{"line":120,"column":24}},{"start":{"line":120,"column":28},"end":{"line":120,"column":63}}],"line":120},"26":{"loc":{"start":{"line":123,"column":8},"end":{"line":127,"column":9}},"type":"if","locations":[{"start":{"line":123,"column":8},"end":{"line":127,"column":9}},{"start":{"line":123,"column":8},"end":{"line":127,"column":9}}],"line":123},"27":{"loc":{"start":{"line":123,"column":12},"end":{"line":123,"column":55}},"type":"binary-expr","locations":[{"start":{"line":123,"column":12},"end":{"line":123,"column":25}},{"start":{"line":123,"column":29},"end":{"line":123,"column":55}}],"line":123},"28":{"loc":{"start":{"line":124,"column":10},"end":{"line":126,"column":11}},"type":"if","locations":[{"start":{"line":124,"column":10},"end":{"line":126,"column":11}},{"start":{"line":124,"column":10},"end":{"line":126,"column":11}}],"line":124},"29":{"loc":{"start":{"line":124,"column":14},"end":{"line":124,"column":77}},"type":"binary-expr","locations":[{"start":{"line":124,"column":14},"end":{"line":124,"column":32}},{"start":{"line":124,"column":36},"end":{"line":124,"column":77}}],"line":124},"30":{"loc":{"start":{"line":130,"column":6},"end":{"line":151,"column":7}},"type":"if","locations":[{"start":{"line":130,"column":6},"end":{"line":151,"column":7}},{"start":{"line":130,"column":6},"end":{"line":151,"column":7}}],"line":130},"31":{"loc":{"start":{"line":132,"column":8},"end":{"line":134,"column":9}},"type":"if","locations":[{"start":{"line":132,"column":8},"end":{"line":134,"column":9}},{"start":{"line":132,"column":8},"end":{"line":134,"column":9}}],"line":132},"32":{"loc":{"start":{"line":148,"column":8},"end":{"line":150,"column":9}},"type":"if","locations":[{"start":{"line":148,"column":8},"end":{"line":150,"column":9}},{"start":{"line":148,"column":8},"end":{"line":150,"column":9}}],"line":148},"33":{"loc":{"start":{"line":148,"column":12},"end":{"line":148,"column":75}},"type":"binary-expr","locations":[{"start":{"line":148,"column":12},"end":{"line":148,"column":30}},{"start":{"line":148,"column":34},"end":{"line":148,"column":75}}],"line":148},"34":{"loc":{"start":{"line":153,"column":6},"end":{"line":171,"column":7}},"type":"if","locations":[{"start":{"line":153,"column":6},"end":{"line":171,"column":7}},{"start":{"line":153,"column":6},"end":{"line":171,"column":7}}],"line":153},"35":{"loc":{"start":{"line":155,"column":8},"end":{"line":157,"column":9}},"type":"if","locations":[{"start":{"line":155,"column":8},"end":{"line":157,"column":9}},{"start":{"line":155,"column":8},"end":{"line":157,"column":9}}],"line":155},"36":{"loc":{"start":{"line":165,"column":8},"end":{"line":170,"column":9}},"type":"if","locations":[{"start":{"line":165,"column":8},"end":{"line":170,"column":9}},{"start":{"line":165,"column":8},"end":{"line":170,"column":9}}],"line":165},"37":{"loc":{"start":{"line":166,"column":10},"end":{"line":167,"column":53}},"type":"binary-expr","locations":[{"start":{"line":166,"column":10},"end":{"line":166,"column":30}},{"start":{"line":167,"column":10},"end":{"line":167,"column":53}}],"line":166}},"s":{"0":7,"1":3,"2":3,"3":0,"4":0,"5":3,"6":52,"7":1,"8":51,"9":51,"10":51,"11":0,"12":51,"13":19,"14":17,"15":17,"16":17,"17":0,"18":0,"19":19,"20":1,"21":1,"22":19,"23":12,"24":0,"25":12,"26":12,"27":12,"28":0,"29":12,"30":12,"31":9,"32":9,"33":5,"34":9,"35":0,"36":9,"37":8,"38":9,"39":0,"40":0,"41":12,"42":2,"43":2,"44":0,"45":2,"46":2,"47":2,"48":1,"49":12,"50":1,"51":1,"52":0,"53":1,"54":1,"55":1,"56":12},"f":{"0":3},"b":{"0":[0,3],"1":[1,51],"2":[0,0],"3":[51,0],"4":[19,32],"5":[17,2],"6":[19,2],"7":[17,0],"8":[17,17],"9":[0,17],"10":[17,16],"11":[0,0],"12":[0,0],"13":[1,18],"14":[1,0],"15":[1,1],"16":[0,12],"17":[0,0],"18":[12,0],"19":[12,0],"20":[9,3],"21":[12,4],"22":[5,4],"23":[0,9],"24":[8,1],"25":[9,8],"26":[0,9],"27":[9,4],"28":[0,0],"29":[0,0],"30":[2,10],"31":[0,2],"32":[1,1],"33":[2,1],"34":[1,11],"35":[0,1],"36":[1,0],"37":[1,1]},"_coverageSchema":"332fd63041d2c1bcb487cc26dd0d5f7d97098a6c","hash":"b9e3cb5c4e3cf18cf86b4e3b57b8d5dafe360bd3"}
,"E:\\KamalFiles\\Projects\\turing-ecommerce\\src\\mixins\\globals.js": {"path":"E:\\KamalFiles\\Projects\\turing-ecommerce\\src\\mixins\\globals.js","statementMap":{"0":{"start":{"line":9,"column":4},"end":{"line":11,"column":5}},"1":{"start":{"line":16,"column":6},"end":{"line":16,"column":55}}},"fnMap":{},"branchMap":{},"s":{"0":129,"1":0},"f":{},"b":{},"_coverageSchema":"332fd63041d2c1bcb487cc26dd0d5f7d97098a6c","hash":"46654f09b92240fe6ec2aa9a9202252759775d4f"}
,"E:\\KamalFiles\\Projects\\turing-ecommerce\\src\\store\\index.js": {"path":"E:\\KamalFiles\\Projects\\turing-ecommerce\\src\\store\\index.js","statementMap":{"0":{"start":{"line":11,"column":0},"end":{"line":11,"column":43}},"1":{"start":{"line":12,"column":0},"end":{"line":12,"column":38}},"2":{"start":{"line":13,"column":0},"end":{"line":13,"column":13}},"3":{"start":{"line":16,"column":16},"end":{"line":16,"column":18}}},"fnMap":{"0":{"name":"(anonymous_0)","decl":{"start":{"line":16,"column":9},"end":{"line":16,"column":10}},"loc":{"start":{"line":16,"column":16},"end":{"line":16,"column":18}},"line":16}},"branchMap":{},"s":{"0":6,"1":6,"2":6,"3":6},"f":{"0":6},"b":{},"_coverageSchema":"332fd63041d2c1bcb487cc26dd0d5f7d97098a6c","hash":"d616f4225ebe06f36f84b5018fe8a795b26621fb"}
,"E:\\KamalFiles\\Projects\\turing-ecommerce\\src\\store\\modules\\cart.js": {"path":"E:\\KamalFiles\\Projects\\turing-ecommerce\\src\\store\\modules\\cart.js","statementMap":{"0":{"start":{"line":2,"column":14},"end":{"line":7,"column":2}},"1":{"start":{"line":2,"column":21},"end":{"line":7,"column":1}},"2":{"start":{"line":10,"column":16},"end":{"line":17,"column":1}},"3":{"start":{"line":11,"column":24},"end":{"line":11,"column":37}},"4":{"start":{"line":12,"column":27},"end":{"line":12,"column":43}},"5":{"start":{"line":13,"column":27},"end":{"line":13,"column":50}},"6":{"start":{"line":14,"column":28},"end":{"line":14,"column":52}},"7":{"start":{"line":15,"column":27},"end":{"line":15,"column":44}},"8":{"start":{"line":16,"column":34},"end":{"line":16,"column":52}},"9":{"start":{"line":20,"column":18},"end":{"line":47,"column":1}},"10":{"start":{"line":22,"column":4},"end":{"line":22,"column":22}},"11":{"start":{"line":25,"column":4},"end":{"line":25,"column":28}},"12":{"start":{"line":28,"column":4},"end":{"line":28,"column":45}},"13":{"start":{"line":31,"column":4},"end":{"line":31,"column":25}},"14":{"start":{"line":34,"column":4},"end":{"line":34,"column":29}},"15":{"start":{"line":37,"column":15},"end":{"line":37,"column":59}},"16":{"start":{"line":38,"column":4},"end":{"line":38,"column":35}},"17":{"start":{"line":41,"column":15},"end":{"line":41,"column":60}},"18":{"start":{"line":42,"column":4},"end":{"line":42,"column":34}},"19":{"start":{"line":45,"column":4},"end":{"line":45,"column":30}},"20":{"start":{"line":50,"column":16},"end":{"line":64,"column":1}},"21":{"start":{"line":52,"column":4},"end":{"line":62,"column":5}},"22":{"start":{"line":53,"column":20},"end":{"line":55,"column":7}},"23":{"start":{"line":56,"column":6},"end":{"line":59,"column":7}},"24":{"start":{"line":57,"column":8},"end":{"line":57,"column":59}},"25":{"start":{"line":58,"column":8},"end":{"line":58,"column":20}},"26":{"start":{"line":61,"column":6},"end":{"line":61,"column":20}}},"fnMap":{"0":{"name":"(anonymous_0)","decl":{"start":{"line":2,"column":14},"end":{"line":2,"column":15}},"loc":{"start":{"line":2,"column":21},"end":{"line":7,"column":1}},"line":2},"1":{"name":"(anonymous_1)","decl":{"start":{"line":11,"column":15},"end":{"line":11,"column":16}},"loc":{"start":{"line":11,"column":24},"end":{"line":11,"column":37}},"line":11},"2":{"name":"(anonymous_2)","decl":{"start":{"line":12,"column":18},"end":{"line":12,"column":19}},"loc":{"start":{"line":12,"column":27},"end":{"line":12,"column":43}},"line":12},"3":{"name":"(anonymous_3)","decl":{"start":{"line":13,"column":18},"end":{"line":13,"column":19}},"loc":{"start":{"line":13,"column":27},"end":{"line":13,"column":50}},"line":13},"4":{"name":"(anonymous_4)","decl":{"start":{"line":14,"column":19},"end":{"line":14,"column":20}},"loc":{"start":{"line":14,"column":28},"end":{"line":14,"column":52}},"line":14},"5":{"name":"(anonymous_5)","decl":{"start":{"line":15,"column":18},"end":{"line":15,"column":19}},"loc":{"start":{"line":15,"column":27},"end":{"line":15,"column":44}},"line":15},"6":{"name":"(anonymous_6)","decl":{"start":{"line":16,"column":25},"end":{"line":16,"column":26}},"loc":{"start":{"line":16,"column":34},"end":{"line":16,"column":52}},"line":16}},"branchMap":{"0":{"loc":{"start":{"line":56,"column":6},"end":{"line":59,"column":7}},"type":"if","locations":[{"start":{"line":56,"column":6},"end":{"line":59,"column":7}},{"start":{"line":56,"column":6},"end":{"line":59,"column":7}}],"line":56}},"s":{"0":6,"1":6,"2":6,"3":3,"4":5,"5":5,"6":2,"7":2,"8":1,"9":6,"10":1,"11":4,"12":1,"13":0,"14":3,"15":1,"16":1,"17":1,"18":1,"19":0,"20":6,"21":2,"22":2,"23":2,"24":0,"25":0,"26":2},"f":{"0":6,"1":3,"2":5,"3":5,"4":2,"5":2,"6":1},"b":{"0":[0,0]},"_coverageSchema":"332fd63041d2c1bcb487cc26dd0d5f7d97098a6c","hash":"8422d8062b20ecd6ee8f310ce921765d6496ffcd"}
,"E:\\KamalFiles\\Projects\\turing-ecommerce\\src\\store\\modules\\customer.js": {"path":"E:\\KamalFiles\\Projects\\turing-ecommerce\\src\\store\\modules\\customer.js","statementMap":{"0":{"start":{"line":2,"column":14},"end":{"line":6,"column":2}},"1":{"start":{"line":2,"column":21},"end":{"line":6,"column":1}},"2":{"start":{"line":9,"column":16},"end":{"line":13,"column":1}},"3":{"start":{"line":10,"column":25},"end":{"line":10,"column":35}},"4":{"start":{"line":11,"column":22},"end":{"line":11,"column":33}},"5":{"start":{"line":12,"column":29},"end":{"line":12,"column":55}},"6":{"start":{"line":16,"column":18},"end":{"line":42,"column":1}},"7":{"start":{"line":18,"column":4},"end":{"line":18,"column":45}},"8":{"start":{"line":21,"column":4},"end":{"line":21,"column":40}},"9":{"start":{"line":22,"column":4},"end":{"line":22,"column":52}},"10":{"start":{"line":23,"column":4},"end":{"line":23,"column":23}},"11":{"start":{"line":26,"column":4},"end":{"line":26,"column":62}},"12":{"start":{"line":27,"column":4},"end":{"line":27,"column":25}},"13":{"start":{"line":30,"column":4},"end":{"line":30,"column":48}},"14":{"start":{"line":31,"column":4},"end":{"line":31,"column":31}},"15":{"start":{"line":34,"column":4},"end":{"line":34,"column":36}},"16":{"start":{"line":35,"column":4},"end":{"line":35,"column":39}},"17":{"start":{"line":36,"column":4},"end":{"line":36,"column":43}},"18":{"start":{"line":37,"column":4},"end":{"line":37,"column":19}},"19":{"start":{"line":38,"column":4},"end":{"line":38,"column":20}},"20":{"start":{"line":39,"column":4},"end":{"line":39,"column":27}},"21":{"start":{"line":40,"column":4},"end":{"line":40,"column":49}},"22":{"start":{"line":45,"column":16},"end":{"line":45,"column":18}}},"fnMap":{"0":{"name":"(anonymous_0)","decl":{"start":{"line":2,"column":14},"end":{"line":2,"column":15}},"loc":{"start":{"line":2,"column":21},"end":{"line":6,"column":1}},"line":2},"1":{"name":"(anonymous_1)","decl":{"start":{"line":10,"column":16},"end":{"line":10,"column":17}},"loc":{"start":{"line":10,"column":25},"end":{"line":10,"column":35}},"line":10},"2":{"name":"(anonymous_2)","decl":{"start":{"line":11,"column":13},"end":{"line":11,"column":14}},"loc":{"start":{"line":11,"column":22},"end":{"line":11,"column":33}},"line":11},"3":{"name":"(anonymous_3)","decl":{"start":{"line":12,"column":19},"end":{"line":12,"column":20}},"loc":{"start":{"line":12,"column":29},"end":{"line":12,"column":55}},"line":12}},"branchMap":{"0":{"loc":{"start":{"line":12,"column":29},"end":{"line":12,"column":55}},"type":"cond-expr","locations":[{"start":{"line":12,"column":43},"end":{"line":12,"column":47}},{"start":{"line":12,"column":50},"end":{"line":12,"column":55}}],"line":12}},"s":{"0":6,"1":6,"2":6,"3":5,"4":0,"5":3,"6":6,"7":0,"8":2,"9":2,"10":2,"11":4,"12":4,"13":1,"14":1,"15":1,"16":1,"17":1,"18":1,"19":1,"20":1,"21":1,"22":6},"f":{"0":6,"1":5,"2":0,"3":3},"b":{"0":[0,3]},"_coverageSchema":"332fd63041d2c1bcb487cc26dd0d5f7d97098a6c","hash":"b422f54bb052b2dcbf85f19d32f1db5c86af69ea"}
,"E:\\KamalFiles\\Projects\\turing-ecommerce\\src\\store\\modules\\department.js": {"path":"E:\\KamalFiles\\Projects\\turing-ecommerce\\src\\store\\modules\\department.js","statementMap":{"0":{"start":{"line":3,"column":14},"end":{"line":5,"column":2}},"1":{"start":{"line":3,"column":21},"end":{"line":5,"column":1}},"2":{"start":{"line":8,"column":16},"end":{"line":17,"column":1}},"3":{"start":{"line":9,"column":32},"end":{"line":9,"column":49}},"4":{"start":{"line":10,"column":33},"end":{"line":16,"column":3}},"5":{"start":{"line":11,"column":4},"end":{"line":11,"column":25}},"6":{"start":{"line":12,"column":4},"end":{"line":15,"column":9}},"7":{"start":{"line":13,"column":6},"end":{"line":13,"column":46}},"8":{"start":{"line":14,"column":6},"end":{"line":14,"column":46}},"9":{"start":{"line":14,"column":36},"end":{"line":14,"column":46}},"10":{"start":{"line":20,"column":18},"end":{"line":31,"column":1}},"11":{"start":{"line":22,"column":4},"end":{"line":22,"column":46}},"12":{"start":{"line":25,"column":4},"end":{"line":29,"column":6}},"13":{"start":{"line":26,"column":6},"end":{"line":28,"column":7}},"14":{"start":{"line":27,"column":8},"end":{"line":27,"column":46}},"15":{"start":{"line":34,"column":16},"end":{"line":63,"column":1}},"16":{"start":{"line":36,"column":4},"end":{"line":44,"column":5}},"17":{"start":{"line":37,"column":26},"end":{"line":37,"column":77}},"18":{"start":{"line":38,"column":6},"end":{"line":41,"column":7}},"19":{"start":{"line":39,"column":8},"end":{"line":39,"column":51}},"20":{"start":{"line":40,"column":8},"end":{"line":40,"column":26}},"21":{"start":{"line":43,"column":6},"end":{"line":43,"column":20}},"22":{"start":{"line":47,"column":4},"end":{"line":61,"column":5}},"23":{"start":{"line":48,"column":25},"end":{"line":50,"column":7}},"24":{"start":{"line":51,"column":6},"end":{"line":51,"column":43}},"25":{"start":{"line":52,"column":6},"end":{"line":58,"column":7}},"26":{"start":{"line":53,"column":8},"end":{"line":56,"column":10}},"27":{"start":{"line":57,"column":8},"end":{"line":57,"column":25}},"28":{"start":{"line":60,"column":6},"end":{"line":60,"column":20}}},"fnMap":{"0":{"name":"(anonymous_0)","decl":{"start":{"line":3,"column":14},"end":{"line":3,"column":15}},"loc":{"start":{"line":3,"column":21},"end":{"line":5,"column":1}},"line":3},"1":{"name":"(anonymous_1)","decl":{"start":{"line":9,"column":23},"end":{"line":9,"column":24}},"loc":{"start":{"line":9,"column":32},"end":{"line":9,"column":49}},"line":9},"2":{"name":"(anonymous_2)","decl":{"start":{"line":10,"column":24},"end":{"line":10,"column":25}},"loc":{"start":{"line":10,"column":33},"end":{"line":16,"column":3}},"line":10},"3":{"name":"(anonymous_3)","decl":{"start":{"line":10,"column":33},"end":{"line":10,"column":34}},"loc":{"start":{"line":10,"column":39},"end":{"line":16,"column":3}},"line":10},"4":{"name":"(anonymous_4)","decl":{"start":{"line":12,"column":36},"end":{"line":12,"column":37}},"loc":{"start":{"line":12,"column":43},"end":{"line":15,"column":5}},"line":12},"5":{"name":"(anonymous_5)","decl":{"start":{"line":25,"column":30},"end":{"line":25,"column":31}},"loc":{"start":{"line":25,"column":37},"end":{"line":29,"column":5}},"line":25}},"branchMap":{"0":{"loc":{"start":{"line":14,"column":6},"end":{"line":14,"column":46}},"type":"if","locations":[{"start":{"line":14,"column":6},"end":{"line":14,"column":46}},{"start":{"line":14,"column":6},"end":{"line":14,"column":46}}],"line":14},"1":{"loc":{"start":{"line":26,"column":6},"end":{"line":28,"column":7}},"type":"if","locations":[{"start":{"line":26,"column":6},"end":{"line":28,"column":7}},{"start":{"line":26,"column":6},"end":{"line":28,"column":7}}],"line":26},"2":{"loc":{"start":{"line":38,"column":6},"end":{"line":41,"column":7}},"type":"if","locations":[{"start":{"line":38,"column":6},"end":{"line":41,"column":7}},{"start":{"line":38,"column":6},"end":{"line":41,"column":7}}],"line":38},"3":{"loc":{"start":{"line":52,"column":6},"end":{"line":58,"column":7}},"type":"if","locations":[{"start":{"line":52,"column":6},"end":{"line":58,"column":7}},{"start":{"line":52,"column":6},"end":{"line":58,"column":7}}],"line":52}},"s":{"0":6,"1":6,"2":6,"3":0,"4":0,"5":0,"6":0,"7":0,"8":0,"9":0,"10":6,"11":0,"12":0,"13":0,"14":0,"15":6,"16":0,"17":0,"18":0,"19":0,"20":0,"21":0,"22":0,"23":0,"24":0,"25":0,"26":0,"27":0,"28":0},"f":{"0":6,"1":0,"2":0,"3":0,"4":0,"5":0},"b":{"0":[0,0],"1":[0,0],"2":[0,0],"3":[0,0]},"_coverageSchema":"332fd63041d2c1bcb487cc26dd0d5f7d97098a6c","hash":"5c66cd0eddb5cc20348d385994a6dbee4a398873"}
,"E:\\KamalFiles\\Projects\\turing-ecommerce\\src\\store\\modules\\product.js": {"path":"E:\\KamalFiles\\Projects\\turing-ecommerce\\src\\store\\modules\\product.js","statementMap":{"0":{"start":{"line":2,"column":14},"end":{"line":6,"column":2}},"1":{"start":{"line":2,"column":21},"end":{"line":6,"column":1}},"2":{"start":{"line":9,"column":16},"end":{"line":15,"column":1}},"3":{"start":{"line":10,"column":33},"end":{"line":10,"column":47}},"4":{"start":{"line":11,"column":35},"end":{"line":11,"column":51}},"5":{"start":{"line":12,"column":29},"end":{"line":14,"column":3}},"6":{"start":{"line":18,"column":18},"end":{"line":36,"column":1}},"7":{"start":{"line":20,"column":4},"end":{"line":20,"column":25}},"8":{"start":{"line":21,"column":4},"end":{"line":21,"column":29}},"9":{"start":{"line":24,"column":4},"end":{"line":24,"column":23}},"10":{"start":{"line":25,"column":4},"end":{"line":25,"column":33}},"11":{"start":{"line":28,"column":4},"end":{"line":28,"column":25}},"12":{"start":{"line":31,"column":4},"end":{"line":31,"column":23}},"13":{"start":{"line":34,"column":4},"end":{"line":34,"column":27}},"14":{"start":{"line":39,"column":16},"end":{"line":39,"column":18}}},"fnMap":{"0":{"name":"(anonymous_0)","decl":{"start":{"line":2,"column":14},"end":{"line":2,"column":15}},"loc":{"start":{"line":2,"column":21},"end":{"line":6,"column":1}},"line":2},"1":{"name":"(anonymous_1)","decl":{"start":{"line":10,"column":24},"end":{"line":10,"column":25}},"loc":{"start":{"line":10,"column":33},"end":{"line":10,"column":47}},"line":10},"2":{"name":"(anonymous_2)","decl":{"start":{"line":11,"column":26},"end":{"line":11,"column":27}},"loc":{"start":{"line":11,"column":35},"end":{"line":11,"column":51}},"line":11},"3":{"name":"(anonymous_3)","decl":{"start":{"line":12,"column":19},"end":{"line":12,"column":20}},"loc":{"start":{"line":12,"column":29},"end":{"line":14,"column":3}},"line":12}},"branchMap":{},"s":{"0":6,"1":6,"2":6,"3":14,"4":14,"5":1,"6":6,"7":6,"8":6,"9":6,"10":6,"11":1,"12":1,"13":0,"14":6},"f":{"0":6,"1":14,"2":14,"3":1},"b":{},"_coverageSchema":"332fd63041d2c1bcb487cc26dd0d5f7d97098a6c","hash":"28d6be1534e67b3ac345a04b5d9e4e03783506e0"}
,"E:\\KamalFiles\\Projects\\turing-ecommerce\\src\\views\\Home.vue": {"path":"E:\\KamalFiles\\Projects\\turing-ecommerce\\src\\views\\Home.vue","statementMap":{"0":{"start":{"line":157,"column":0},"end":{"line":null,"column":-1}},"1":{"start":{"line":158,"column":0},"end":{"line":null,"column":-1}},"2":{"start":{"line":159,"column":0},"end":{"line":null,"column":-1}},"3":{"start":{"line":160,"column":0},"end":{"line":null,"column":-1}},"4":{"start":{"line":161,"column":0},"end":{"line":null,"column":-1}},"5":{"start":{"line":171,"column":0},"end":{"line":null,"column":-1}},"6":{"start":{"line":191,"column":0},"end":{"line":null,"column":-1}},"7":{"start":{"line":199,"column":0},"end":{"line":null,"column":-1}},"8":{"start":{"line":204,"column":0},"end":{"line":null,"column":-1}},"9":{"start":{"line":209,"column":0},"end":{"line":213,"column":0}},"10":{"start":{"line":210,"column":0},"end":{"line":null,"column":-1}},"11":{"start":{"line":211,"column":0},"end":{"line":null,"column":-1}},"12":{"start":{"line":212,"column":0},"end":{"line":null,"column":-1}},"13":{"start":{"line":218,"column":0},"end":{"line":null,"column":-1}},"14":{"start":{"line":219,"column":0},"end":{"line":223,"column":0}},"15":{"start":{"line":220,"column":0},"end":{"line":222,"column":0}},"16":{"start":{"line":221,"column":0},"end":{"line":null,"column":-1}},"17":{"start":{"line":224,"column":0},"end":{"line":null,"column":-1}},"18":{"start":{"line":225,"column":0},"end":{"line":null,"column":-1}},"19":{"start":{"line":235,"column":0},"end":{"line":null,"column":-1}},"20":{"start":{"line":236,"column":0},"end":{"line":null,"column":-1}},"21":{"start":{"line":237,"column":0},"end":{"line":null,"column":-1}},"22":{"start":{"line":239,"column":0},"end":{"line":null,"column":-1}},"23":{"start":{"line":241,"column":0},"end":{"line":null,"column":-1}},"24":{"start":{"line":244,"column":0},"end":{"line":247,"column":0}},"25":{"start":{"line":245,"column":0},"end":{"line":null,"column":-1}},"26":{"start":{"line":246,"column":0},"end":{"line":null,"column":-1}},"27":{"start":{"line":248,"column":0},"end":{"line":251,"column":0}},"28":{"start":{"line":249,"column":0},"end":{"line":null,"column":-1}},"29":{"start":{"line":250,"column":0},"end":{"line":null,"column":-1}},"30":{"start":{"line":257,"column":0},"end":{"line":null,"column":-1}},"31":{"start":{"line":261,"column":0},"end":{"line":null,"column":-1}},"32":{"start":{"line":266,"column":0},"end":{"line":null,"column":-1}},"33":{"start":{"line":268,"column":0},"end":{"line":277,"column":0}},"34":{"start":{"line":269,"column":0},"end":{"line":null,"column":-1}},"35":{"start":{"line":274,"column":0},"end":{"line":null,"column":-1}},"36":{"start":{"line":282,"column":0},"end":{"line":null,"column":-1}},"37":{"start":{"line":283,"column":0},"end":{"line":null,"column":-1}},"38":{"start":{"line":293,"column":0},"end":{"line":null,"column":-1}},"39":{"start":{"line":294,"column":0},"end":{"line":null,"column":-1}},"40":{"start":{"line":295,"column":0},"end":{"line":null,"column":-1}},"41":{"start":{"line":298,"column":0},"end":{"line":null,"column":-1}}},"fnMap":{"0":{"name":"(anonymous_1)","decl":{"start":{"line":265,"column":0},"end":{"line":null,"column":-1}},"loc":{"start":{"line":265,"column":0},"end":{"line":278,"column":0}}},"1":{"name":"(anonymous_2)","decl":{"start":{"line":268,"column":0},"end":{"line":null,"column":-1}},"loc":{"start":{"line":268,"column":0},"end":{"line":277,"column":0}}},"2":{"name":"(anonymous_3)","decl":{"start":{"line":273,"column":0},"end":{"line":null,"column":-1}},"loc":{"start":{"line":273,"column":0},"end":{"line":275,"column":0}}},"3":{"name":"(anonymous_4)","decl":{"start":{"line":292,"column":0},"end":{"line":null,"column":-1}},"loc":{"start":{"line":292,"column":0},"end":{"line":296,"column":0}}},"4":{"name":"(anonymous_5)","decl":{"start":{"line":297,"column":0},"end":{"line":null,"column":-1}},"loc":{"start":{"line":297,"column":0},"end":{"line":300,"column":0}}}},"branchMap":{"0":{"loc":{"start":{"line":191,"column":0},"end":{"line":null,"column":-1}},"type":"if","locations":[{"start":{"line":191,"column":0},"end":{"line":null,"column":-1}},{"start":{"line":191,"column":0},"end":{"line":null,"column":-1}}]},"1":{"loc":{"start":{"line":209,"column":0},"end":{"line":213,"column":0}},"type":"if","locations":[{"start":{"line":209,"column":0},"end":{"line":213,"column":0}},{"start":{"line":209,"column":0},"end":{"line":213,"column":0}}]},"2":{"loc":{"start":{"line":219,"column":0},"end":{"line":223,"column":0}},"type":"if","locations":[{"start":{"line":219,"column":0},"end":{"line":223,"column":0}},{"start":{"line":219,"column":0},"end":{"line":223,"column":0}}]},"3":{"loc":{"start":{"line":220,"column":0},"end":{"line":222,"column":0}},"type":"if","locations":[{"start":{"line":220,"column":0},"end":{"line":222,"column":0}},{"start":{"line":220,"column":0},"end":{"line":222,"column":0}}]},"4":{"loc":{"start":{"line":220,"column":0},"end":{"line":null,"column":-1}},"type":"binary-expr","locations":[{"start":{"line":220,"column":0},"end":{"line":null,"column":-1}},{"start":{"line":220,"column":0},"end":{"line":null,"column":-1}}]},"5":{"loc":{"start":{"line":237,"column":0},"end":{"line":null,"column":-1}},"type":"if","locations":[{"start":{"line":237,"column":0},"end":{"line":null,"column":-1}},{"start":{"line":237,"column":0},"end":{"line":null,"column":-1}}]},"6":{"loc":{"start":{"line":239,"column":0},"end":{"line":null,"column":-1}},"type":"if","locations":[{"start":{"line":239,"column":0},"end":{"line":null,"column":-1}},{"start":{"line":239,"column":0},"end":{"line":null,"column":-1}}]},"7":{"loc":{"start":{"line":244,"column":0},"end":{"line":247,"column":0}},"type":"if","locations":[{"start":{"line":244,"column":0},"end":{"line":247,"column":0}},{"start":{"line":244,"column":0},"end":{"line":247,"column":0}}]},"8":{"loc":{"start":{"line":248,"column":0},"end":{"line":251,"column":0}},"type":"if","locations":[{"start":{"line":248,"column":0},"end":{"line":251,"column":0}},{"start":{"line":248,"column":0},"end":{"line":251,"column":0}}]},"9":{"loc":{"start":{"line":281,"column":0},"end":{"line":null,"column":-1}},"type":"default-arg","locations":[{"start":{"line":281,"column":0},"end":{"line":null,"column":-1}}]},"10":{"loc":{"start":{"line":285,"column":0},"end":{"line":null,"column":-1}},"type":"cond-expr","locations":[{"start":{"line":285,"column":0},"end":{"line":null,"column":-1}},{"start":{"line":285,"column":0},"end":{"line":null,"column":-1}}]},"11":{"loc":{"start":{"line":298,"column":0},"end":{"line":null,"column":-1}},"type":"if","locations":[{"start":{"line":298,"column":0},"end":{"line":null,"column":-1}},{"start":{"line":298,"column":0},"end":{"line":null,"column":-1}}]}},"s":{"0":2,"1":2,"2":2,"3":2,"4":2,"5":1,"6":0,"7":13,"8":13,"9":0,"10":0,"11":0,"12":0,"13":1,"14":1,"15":1,"16":0,"17":1,"18":1,"19":27,"20":27,"21":35,"22":34,"23":27,"24":0,"25":0,"26":0,"27":0,"28":0,"29":0,"30":0,"31":2,"32":1,"33":1,"34":1,"35":1,"36":31,"37":31,"38":8,"39":8,"40":8,"41":0},"f":{"0":1,"1":1,"2":1,"3":8,"4":0},"b":{"0":[0,0],"1":[0,0],"2":[1,0],"3":[0,1],"4":[1,1],"5":[8,19],"6":[7,20],"7":[0,0],"8":[0,0],"9":[30],"10":[1,30],"11":[0,0]}}
,"E:\\KamalFiles\\Projects\\turing-ecommerce\\src\\views\\Profile.vue": {"path":"E:\\KamalFiles\\Projects\\turing-ecommerce\\src\\views\\Profile.vue","statementMap":{"0":{"start":{"line":54,"column":0},"end":{"line":null,"column":-1}},"1":{"start":{"line":65,"column":0},"end":{"line":null,"column":-1}},"2":{"start":{"line":178,"column":0},"end":{"line":null,"column":-1}},"3":{"start":{"line":183,"column":0},"end":{"line":null,"column":-1}},"4":{"start":{"line":196,"column":0},"end":{"line":null,"column":-1}},"5":{"start":{"line":203,"column":0},"end":{"line":null,"column":-1}},"6":{"start":{"line":212,"column":0},"end":{"line":null,"column":-1}},"7":{"start":{"line":223,"column":0},"end":{"line":null,"column":-1}},"8":{"start":{"line":224,"column":0},"end":{"line":null,"column":-1}},"9":{"start":{"line":225,"column":0},"end":{"line":null,"column":-1}},"10":{"start":{"line":226,"column":0},"end":{"line":null,"column":-1}},"11":{"start":{"line":233,"column":0},"end":{"line":null,"column":-1}},"12":{"start":{"line":235,"column":0},"end":{"line":null,"column":-1}},"13":{"start":{"line":239,"column":0},"end":{"line":null,"column":-1}}},"fnMap":{"0":{"name":"(anonymous_1)","decl":{"start":{"line":182,"column":0},"end":{"line":null,"column":-1}},"loc":{"start":{"line":182,"column":0},"end":{"line":213,"column":0}}},"1":{"name":"(anonymous_2)","decl":{"start":{"line":232,"column":0},"end":{"line":null,"column":-1}},"loc":{"start":{"line":232,"column":0},"end":{"line":234,"column":0}}},"2":{"name":"(anonymous_3)","decl":{"start":{"line":235,"column":0},"end":{"line":null,"column":-1}},"loc":{"start":{"line":235,"column":0},"end":{"line":null,"column":-1}}}},"branchMap":{"0":{"loc":{"start":{"line":224,"column":0},"end":{"line":null,"column":-1}},"type":"if","locations":[{"start":{"line":224,"column":0},"end":{"line":null,"column":-1}},{"start":{"line":224,"column":0},"end":{"line":null,"column":-1}}]}},"s":{"0":1,"1":1,"2":1,"3":0,"4":0,"5":0,"6":0,"7":3,"8":3,"9":3,"10":3,"11":3,"12":3,"13":3},"f":{"0":0,"1":3,"2":3},"b":{"0":[0,3]}}
,"E:\\KamalFiles\\Projects\\turing-ecommerce\\src\\views\\SingleProduct.vue": {"path":"E:\\KamalFiles\\Projects\\turing-ecommerce\\src\\views\\SingleProduct.vue","statementMap":{"0":{"start":{"line":256,"column":0},"end":{"line":null,"column":-1}},"1":{"start":{"line":257,"column":0},"end":{"line":null,"column":-1}},"2":{"start":{"line":258,"column":0},"end":{"line":null,"column":-1}},"3":{"start":{"line":259,"column":0},"end":{"line":null,"column":-1}},"4":{"start":{"line":260,"column":0},"end":{"line":null,"column":-1}},"5":{"start":{"line":261,"column":0},"end":{"line":null,"column":-1}},"6":{"start":{"line":262,"column":0},"end":{"line":null,"column":-1}},"7":{"start":{"line":276,"column":0},"end":{"line":null,"column":-1}},"8":{"start":{"line":277,"column":0},"end":{"line":null,"column":-1}},"9":{"start":{"line":278,"column":0},"end":{"line":null,"column":-1}},"10":{"start":{"line":279,"column":0},"end":{"line":null,"column":-1}},"11":{"start":{"line":282,"column":0},"end":{"line":287,"column":0}},"12":{"start":{"line":283,"column":0},"end":{"line":null,"column":-1}},"13":{"start":{"line":284,"column":0},"end":{"line":null,"column":-1}},"14":{"start":{"line":285,"column":0},"end":{"line":null,"column":-1}},"15":{"start":{"line":286,"column":0},"end":{"line":null,"column":-1}},"16":{"start":{"line":290,"column":0},"end":{"line":null,"column":-1}},"17":{"start":{"line":323,"column":0},"end":{"line":null,"column":-1}},"18":{"start":{"line":328,"column":0},"end":{"line":null,"column":-1}},"19":{"start":{"line":333,"column":0},"end":{"line":null,"column":-1}},"20":{"start":{"line":338,"column":0},"end":{"line":null,"column":-1}},"21":{"start":{"line":343,"column":0},"end":{"line":null,"column":-1}},"22":{"start":{"line":348,"column":0},"end":{"line":null,"column":-1}},"23":{"start":{"line":353,"column":0},"end":{"line":null,"column":-1}},"24":{"start":{"line":358,"column":0},"end":{"line":null,"column":-1}},"25":{"start":{"line":363,"column":0},"end":{"line":396,"column":0}},"26":{"start":{"line":364,"column":0},"end":{"line":395,"column":0}},"27":{"start":{"line":365,"column":0},"end":{"line":368,"column":0}},"28":{"start":{"line":366,"column":0},"end":{"line":null,"column":-1}},"29":{"start":{"line":369,"column":0},"end":{"line":384,"column":0}},"30":{"start":{"line":370,"column":0},"end":{"line":null,"column":-1}},"31":{"start":{"line":375,"column":0},"end":{"line":null,"column":-1}},"32":{"start":{"line":386,"column":0},"end":{"line":null,"column":-1}},"33":{"start":{"line":397,"column":0},"end":{"line":null,"column":-1}},"34":{"start":{"line":402,"column":0},"end":{"line":405,"column":0}},"35":{"start":{"line":403,"column":0},"end":{"line":null,"column":-1}},"36":{"start":{"line":404,"column":0},"end":{"line":null,"column":-1}},"37":{"start":{"line":406,"column":0},"end":{"line":null,"column":-1}},"38":{"start":{"line":407,"column":0},"end":{"line":null,"column":-1}},"39":{"start":{"line":417,"column":0},"end":{"line":null,"column":-1}},"40":{"start":{"line":418,"column":0},"end":{"line":null,"column":-1}},"41":{"start":{"line":419,"column":0},"end":{"line":null,"column":-1}},"42":{"start":{"line":424,"column":0},"end":{"line":null,"column":-1}},"43":{"start":{"line":425,"column":0},"end":{"line":null,"column":-1}},"44":{"start":{"line":436,"column":0},"end":{"line":null,"column":-1}},"45":{"start":{"line":437,"column":0},"end":{"line":null,"column":-1}},"46":{"start":{"line":447,"column":0},"end":{"line":null,"column":-1}},"47":{"start":{"line":448,"column":0},"end":{"line":null,"column":-1}}},"fnMap":{"0":{"name":"(anonymous_1)","decl":{"start":{"line":282,"column":0},"end":{"line":null,"column":-1}},"loc":{"start":{"line":282,"column":0},"end":{"line":287,"column":0}}},"1":{"name":"(anonymous_2)","decl":{"start":{"line":327,"column":0},"end":{"line":null,"column":-1}},"loc":{"start":{"line":327,"column":0},"end":{"line":329,"column":0}}},"2":{"name":"(anonymous_3)","decl":{"start":{"line":337,"column":0},"end":{"line":null,"column":-1}},"loc":{"start":{"line":337,"column":0},"end":{"line":339,"column":0}}},"3":{"name":"(anonymous_4)","decl":{"start":{"line":347,"column":0},"end":{"line":null,"column":-1}},"loc":{"start":{"line":347,"column":0},"end":{"line":349,"column":0}}},"4":{"name":"(anonymous_5)","decl":{"start":{"line":357,"column":0},"end":{"line":null,"column":-1}},"loc":{"start":{"line":357,"column":0},"end":{"line":398,"column":0}}},"5":{"name":"(anonymous_6)","decl":{"start":{"line":363,"column":0},"end":{"line":null,"column":-1}},"loc":{"start":{"line":363,"column":0},"end":{"line":396,"column":0}}},"6":{"name":"(anonymous_7)","decl":{"start":{"line":365,"column":0},"end":{"line":null,"column":-1}},"loc":{"start":{"line":365,"column":0},"end":{"line":368,"column":0}}},"7":{"name":"(anonymous_8)","decl":{"start":{"line":416,"column":0},"end":{"line":null,"column":-1}},"loc":{"start":{"line":416,"column":0},"end":{"line":420,"column":0}}},"8":{"name":"(anonymous_9)","decl":{"start":{"line":435,"column":0},"end":{"line":null,"column":-1}},"loc":{"start":{"line":435,"column":0},"end":{"line":452,"column":0}}},"9":{"name":"(anonymous_10)","decl":{"start":{"line":446,"column":0},"end":{"line":null,"column":-1}},"loc":{"start":{"line":446,"column":0},"end":{"line":449,"column":0}}}},"branchMap":{"0":{"loc":{"start":{"line":364,"column":0},"end":{"line":395,"column":0}},"type":"if","locations":[{"start":{"line":364,"column":0},"end":{"line":395,"column":0}},{"start":{"line":364,"column":0},"end":{"line":395,"column":0}}]},"1":{"loc":{"start":{"line":366,"column":0},"end":{"line":null,"column":-1}},"type":"if","locations":[{"start":{"line":366,"column":0},"end":{"line":null,"column":-1}},{"start":{"line":366,"column":0},"end":{"line":null,"column":-1}}]},"2":{"loc":{"start":{"line":369,"column":0},"end":{"line":384,"column":0}},"type":"if","locations":[{"start":{"line":369,"column":0},"end":{"line":384,"column":0}},{"start":{"line":369,"column":0},"end":{"line":384,"column":0}}]},"3":{"loc":{"start":{"line":402,"column":0},"end":{"line":405,"column":0}},"type":"if","locations":[{"start":{"line":402,"column":0},"end":{"line":405,"column":0}},{"start":{"line":402,"column":0},"end":{"line":405,"column":0}}]}},"s":{"0":1,"1":1,"2":1,"3":1,"4":1,"5":1,"6":1,"7":1,"8":1,"9":1,"10":1,"11":1,"12":1,"13":1,"14":1,"15":1,"16":1,"17":2,"18":1,"19":2,"20":1,"21":2,"22":1,"23":2,"24":1,"25":1,"26":1,"27":0,"28":0,"29":0,"30":0,"31":0,"32":1,"33":1,"34":0,"35":0,"36":0,"37":0,"38":0,"39":0,"40":0,"41":0,"42":0,"43":0,"44":0,"45":0,"46":0,"47":0},"f":{"0":1,"1":1,"2":1,"3":1,"4":1,"5":1,"6":0,"7":0,"8":0,"9":0},"b":{"0":[0,1],"1":[0,0],"2":[0,0],"3":[0,0]}}
,"E:\\KamalFiles\\Projects\\turing-ecommerce\\tests\\unit\\index.js": {"path":"E:\\KamalFiles\\Projects\\turing-ecommerce\\tests\\unit\\index.js","statementMap":{"0":{"start":{"line":9,"column":24},"end":{"line":9,"column":40}},"1":{"start":{"line":10,"column":0},"end":{"line":10,"column":18}},"2":{"start":{"line":11,"column":0},"end":{"line":11,"column":19}},"3":{"start":{"line":12,"column":0},"end":{"line":12,"column":23}},"4":{"start":{"line":13,"column":0},"end":{"line":13,"column":25}},"5":{"start":{"line":14,"column":0},"end":{"line":14,"column":23}},"6":{"start":{"line":15,"column":0},"end":{"line":15,"column":36}},"7":{"start":{"line":17,"column":0},"end":{"line":21,"column":1}},"8":{"start":{"line":19,"column":16},"end":{"line":19,"column":20}}},"fnMap":{"0":{"name":"(anonymous_0)","decl":{"start":{"line":19,"column":10},"end":{"line":19,"column":11}},"loc":{"start":{"line":19,"column":16},"end":{"line":19,"column":20}},"line":19}},"branchMap":{},"s":{"0":7,"1":7,"2":7,"3":7,"4":7,"5":7,"6":7,"7":7,"8":4},"f":{"0":4},"b":{},"_coverageSchema":"332fd63041d2c1bcb487cc26dd0d5f7d97098a6c","hash":"b092698763309a2ead1f50803b571bfe99128cad"}
}
