TN:
SF:E:\KamalFiles\Projects\turing-ecommerce\jest.unit.setup.js
FN:6,(anonymous_0)
FNF:1
FNH:1
FNDA:7,(anonymous_0)
DA:6,7
DA:7,7
DA:8,7
DA:10,7
LF:4
LH:4
BRF:0
BRH:0
end_of_record
TN:
SF:E:\KamalFiles\Projects\turing-ecommerce\src\eventBus.js
FNF:0
FNH:0
LF:0
LH:0
BRF:0
BRH:0
end_of_record
TN:
SF:E:\KamalFiles\Projects\turing-ecommerce\src\router.js
FN:13,(anonymous_0)
FN:26,(anonymous_1)
FN:35,(anonymous_2)
FN:40,(anonymous_3)
FN:48,(anonymous_4)
FN:50,(anonymous_5)
FNF:6
FNH:4
FNDA:3,(anonymous_0)
FNDA:0,(anonymous_1)
FNDA:0,(anonymous_2)
FNDA:1,(anonymous_3)
FNDA:3,(anonymous_4)
FNDA:6,(anonymous_5)
DA:5,2
DA:7,2
DA:13,3
DA:26,0
DA:35,0
DA:40,1
DA:48,2
DA:49,3
DA:50,6
DA:51,0
DA:52,0
DA:58,3
LF:12
LH:8
BRDA:50,0,0,0
BRDA:50,0,1,3
BRDA:51,1,0,0
BRDA:51,1,1,0
BRF:4
BRH:1
end_of_record
TN:
SF:E:\KamalFiles\Projects\turing-ecommerce\src\assets\images\gbr.png
FNF:0
FNH:0
DA:1,1
LF:1
LH:1
BRF:0
BRH:0
end_of_record
TN:
SF:E:\KamalFiles\Projects\turing-ecommerce\src\assets\images\icons-bag.png
FNF:0
FNH:0
DA:1,1
LF:1
LH:1
BRF:0
BRH:0
end_of_record
TN:
SF:E:\KamalFiles\Projects\turing-ecommerce\src\components\Authentication\AuthTemp.vue
FN:52,(anonymous_1)
FN:56,(anonymous_2)
FN:60,(anonymous_3)
FN:68,(anonymous_4)
FNF:4
FNH:1
FNDA:0,(anonymous_1)
FNDA:0,(anonymous_2)
FNDA:2,(anonymous_3)
FNDA:0,(anonymous_4)
DA:52,0
DA:56,0
DA:60,2
DA:68,0
DA:69,0
LF:5
LH:1
BRF:0
BRH:0
end_of_record
TN:
SF:E:\KamalFiles\Projects\turing-ecommerce\src\components\Footer\Footer.vue
FNF:0
FNH:0
DA:34,3
DA:41,0
LF:2
LH:1
BRF:0
BRH:0
end_of_record
TN:
SF:E:\KamalFiles\Projects\turing-ecommerce\src\components\Home\AttrsSidebar.vue
FNF:0
FNH:0
DA:160,2
DA:161,2
DA:162,2
DA:180,0
DA:183,0
DA:184,0
DA:192,0
DA:194,0
DA:198,0
DA:202,0
DA:203,0
DA:204,0
DA:205,0
DA:209,0
LF:14
LH:3
BRDA:184,0,0,0
BRDA:184,0,1,0
BRDA:192,1,0,0
BRDA:192,1,1,0
BRDA:194,2,0,0
BRDA:194,2,1,0
BRDA:198,3,0,0
BRDA:198,3,1,0
BRF:8
BRH:0
end_of_record
TN:
SF:E:\KamalFiles\Projects\turing-ecommerce\src\components\Home\PaginationBar.vue
FNF:0
FNH:0
DA:46,0
DA:55,0
DA:61,0
DA:64,0
LF:4
LH:0
BRF:0
BRH:0
end_of_record
TN:
SF:E:\KamalFiles\Projects\turing-ecommerce\src\components\Home\ShopCard.vue
FNF:0
FNH:0
DA:74,2
LF:1
LH:1
BRF:0
BRH:0
end_of_record
TN:
SF:E:\KamalFiles\Projects\turing-ecommerce\src\components\Home\Sidebar\ColorAttributes.vue
FNF:0
FNH:0
DA:28,2
DA:48,0
DA:53,0
DA:58,1
LF:4
LH:2
BRF:0
BRH:0
end_of_record
TN:
SF:E:\KamalFiles\Projects\turing-ecommerce\src\components\Home\Sidebar\SizeAttributes.vue
FNF:0
FNH:0
DA:32,2
DA:52,0
DA:57,0
DA:62,1
LF:4
LH:2
BRF:0
BRH:0
end_of_record
TN:
SF:E:\KamalFiles\Projects\turing-ecommerce\src\components\Navbar\Cart.vue
FN:109,(anonymous_1)
FN:127,(anonymous_2)
FN:141,(anonymous_3)
FN:151,(anonymous_4)
FN:163,(anonymous_5)
FN:168,(anonymous_6)
FN:184,(anonymous_7)
FN:198,(anonymous_8)
FNF:8
FNH:5
FNDA:1,(anonymous_1)
FNDA:0,(anonymous_2)
FNDA:1,(anonymous_3)
FNDA:1,(anonymous_4)
FNDA:1,(anonymous_5)
FNDA:1,(anonymous_6)
FNDA:0,(anonymous_7)
FNDA:0,(anonymous_8)
DA:99,4
DA:100,4
DA:109,1
DA:113,1
DA:119,1
DA:121,1
DA:127,1
DA:128,0
DA:133,0
DA:137,2
DA:142,1
DA:147,2
DA:152,1
DA:157,1
DA:158,1
DA:164,1
DA:168,1
DA:174,0
DA:175,0
DA:185,0
DA:193,0
DA:199,0
DA:204,0
LF:23
LH:15
BRDA:133,0,0,0
BRDA:133,0,1,0
BRF:2
BRH:0
end_of_record
TN:
SF:E:\KamalFiles\Projects\turing-ecommerce\src\components\Navbar\CartTable.vue
FN:130,(anonymous_1)
FN:141,(anonymous_2)
FNF:2
FNH:2
FNDA:1,(anonymous_1)
FNDA:1,(anonymous_2)
DA:125,1
DA:131,1
DA:136,1
DA:142,1
DA:143,1
LF:5
LH:5
BRF:0
BRH:0
end_of_record
TN:
SF:E:\KamalFiles\Projects\turing-ecommerce\src\components\Navbar\NavbarDropdown.vue
FNF:0
FNH:0
DA:173,3
DA:182,0
DA:189,0
DA:191,0
DA:197,0
DA:199,0
LF:6
LH:1
BRDA:191,0,0,0
BRDA:191,0,1,0
BRDA:199,1,0,0
BRDA:199,1,1,0
BRF:4
BRH:0
end_of_record
TN:
SF:E:\KamalFiles\Projects\turing-ecommerce\src\components\Navbar\TopLevelHeader.vue
FN:285,(anonymous_1)
FN:304,(anonymous_2)
FN:323,(anonymous_3)
FN:330,(anonymous_4)
FN:346,(anonymous_5)
FN:353,(anonymous_6)
FN:378,(anonymous_7)
FNF:7
FNH:2
FNDA:0,(anonymous_1)
FNDA:0,(anonymous_2)
FNDA:1,(anonymous_3)
FNDA:1,(anonymous_4)
FNDA:0,(anonymous_5)
FNDA:0,(anonymous_6)
FNDA:0,(anonymous_7)
DA:236,4
DA:237,4
DA:238,4
DA:239,4
DA:246,1
DA:280,1
DA:285,1
DA:286,0
DA:291,0
DA:295,0
DA:296,0
DA:305,0
DA:306,0
DA:307,0
DA:308,0
DA:314,1
DA:315,1
DA:316,1
DA:317,1
DA:324,1
DA:325,1
DA:326,1
DA:327,1
DA:328,1
DA:330,1
DA:334,1
DA:337,1
DA:338,2
DA:339,0
DA:340,0
DA:347,0
DA:348,0
DA:349,0
DA:350,0
DA:351,0
DA:353,0
DA:357,0
DA:360,1
DA:361,1
DA:363,1
DA:364,1
DA:374,1
DA:379,0
LF:43
LH:25
BRDA:295,0,0,0
BRDA:295,0,1,0
BRDA:315,1,0,0
BRDA:315,1,1,1
BRDA:338,2,0,1
BRDA:338,2,1,0
BRDA:360,3,0,1
BRDA:360,3,1,0
BRF:8
BRH:3
end_of_record
TN:
SF:E:\KamalFiles\Projects\turing-ecommerce\src\components\SingleProduct\Review.vue
FNF:0
FNH:0
DA:55,1
DA:56,1
DA:57,1
LF:3
LH:3
BRF:0
BRH:0
end_of_record
TN:
SF:E:\KamalFiles\Projects\turing-ecommerce\src\contants\rest_paths.js
FN:3,(anonymous_0)
FN:4,(anonymous_1)
FN:7,(anonymous_2)
FN:8,(anonymous_3)
FN:9,(anonymous_4)
FN:10,(anonymous_5)
FN:13,(anonymous_6)
FN:14,(anonymous_7)
FN:15,(anonymous_8)
FN:16,(anonymous_9)
FN:19,(anonymous_10)
FN:20,(anonymous_11)
FN:21,(anonymous_12)
FN:22,(anonymous_13)
FN:23,(anonymous_14)
FN:24,(anonymous_15)
FN:25,(anonymous_16)
FN:27,(anonymous_17)
FN:28,(anonymous_18)
FN:32,(anonymous_19)
FN:33,(anonymous_20)
FN:34,(anonymous_21)
FN:35,(anonymous_22)
FN:36,(anonymous_23)
FN:37,(anonymous_24)
FN:38,(anonymous_25)
FN:41,(anonymous_26)
FN:42,(anonymous_27)
FN:43,(anonymous_28)
FN:44,(anonymous_29)
FN:47,(anonymous_30)
FN:48,(anonymous_31)
FN:49,(anonymous_32)
FN:50,(anonymous_33)
FN:51,(anonymous_34)
FN:52,(anonymous_35)
FN:53,(anonymous_36)
FN:54,(anonymous_37)
FN:55,(anonymous_38)
FN:56,(anonymous_39)
FN:59,(anonymous_40)
FN:60,(anonymous_41)
FN:63,(anonymous_42)
FN:64,(anonymous_43)
FN:67,(anonymous_44)
FN:68,(anonymous_45)
FNF:46
FNH:21
FNDA:0,(anonymous_0)
FNDA:0,(anonymous_1)
FNDA:0,(anonymous_2)
FNDA:0,(anonymous_3)
FNDA:0,(anonymous_4)
FNDA:0,(anonymous_5)
FNDA:4,(anonymous_6)
FNDA:0,(anonymous_7)
FNDA:2,(anonymous_8)
FNDA:3,(anonymous_9)
FNDA:0,(anonymous_10)
FNDA:2,(anonymous_11)
FNDA:3,(anonymous_12)
FNDA:12,(anonymous_13)
FNDA:17,(anonymous_14)
FNDA:0,(anonymous_15)
FNDA:3,(anonymous_16)
FNDA:3,(anonymous_17)
FNDA:0,(anonymous_18)
FNDA:3,(anonymous_19)
FNDA:1,(anonymous_20)
FNDA:2,(anonymous_21)
FNDA:0,(anonymous_22)
FNDA:0,(anonymous_23)
FNDA:3,(anonymous_24)
FNDA:3,(anonymous_25)
FNDA:0,(anonymous_26)
FNDA:0,(anonymous_27)
FNDA:0,(anonymous_28)
FNDA:0,(anonymous_29)
FNDA:1,(anonymous_30)
FNDA:0,(anonymous_31)
FNDA:3,(anonymous_32)
FNDA:0,(anonymous_33)
FNDA:0,(anonymous_34)
FNDA:2,(anonymous_35)
FNDA:2,(anonymous_36)
FNDA:2,(anonymous_37)
FNDA:4,(anonymous_38)
FNDA:2,(anonymous_39)
FNDA:0,(anonymous_40)
FNDA:0,(anonymous_41)
FNDA:0,(anonymous_42)
FNDA:0,(anonymous_43)
FNDA:0,(anonymous_44)
FNDA:0,(anonymous_45)
DA:3,0
DA:4,0
DA:7,0
DA:8,0
DA:9,0
DA:10,0
DA:13,4
DA:14,0
DA:15,2
DA:16,3
DA:19,0
DA:20,2
DA:21,3
DA:22,12
DA:23,17
DA:24,0
DA:25,3
DA:27,3
DA:28,0
DA:32,3
DA:33,1
DA:34,2
DA:35,0
DA:36,0
DA:37,3
DA:38,3
DA:41,0
DA:42,0
DA:43,0
DA:44,0
DA:47,1
DA:48,0
DA:49,3
DA:50,0
DA:51,0
DA:52,2
DA:53,2
DA:54,2
DA:55,4
DA:56,2
DA:59,0
DA:60,0
DA:63,0
DA:64,0
DA:67,0
DA:68,0
LF:46
LH:21
BRF:0
BRH:0
end_of_record
TN:
SF:E:\KamalFiles\Projects\turing-ecommerce\src\layouts\Main.vue
FN:203,(anonymous_1)
FN:206,(anonymous_2)
FN:237,(anonymous_3)
FN:238,(anonymous_4)
FN:248,(anonymous_5)
FNF:5
FNH:0
FNDA:0,(anonymous_1)
FNDA:0,(anonymous_2)
FNDA:0,(anonymous_3)
FNDA:0,(anonymous_4)
FNDA:0,(anonymous_5)
DA:171,3
DA:172,3
DA:173,3
DA:174,3
DA:175,3
DA:176,3
DA:177,3
DA:190,1
DA:199,0
DA:203,1
DA:204,0
DA:206,1
DA:207,0
DA:208,0
DA:209,0
DA:214,0
DA:223,0
DA:225,0
DA:233,1
DA:238,0
DA:239,0
DA:249,0
LF:22
LH:11
BRDA:208,0,0,0
BRDA:208,0,1,0
BRDA:208,1,0,0
BRDA:208,1,1,0
BRDA:209,2,0,0
BRDA:209,2,1,0
BRDA:214,3,0,0
BRDA:214,3,1,0
BRDA:225,4,0,0
BRDA:225,4,1,0
BRF:10
BRH:0
end_of_record
TN:
SF:E:\KamalFiles\Projects\turing-ecommerce\src\mixins\asyncHelpers.js
FN:20,(anonymous_0)
FNF:1
FNH:1
FNDA:3,(anonymous_0)
DA:20,7
DA:21,3
DA:29,3
DA:30,0
DA:31,0
DA:34,3
DA:41,52
DA:42,1
DA:47,51
DA:48,51
DA:49,51
DA:53,0
DA:57,51
DA:59,19
DA:61,17
DA:62,17
DA:64,17
DA:65,0
DA:66,0
DA:71,19
DA:72,1
DA:76,1
DA:79,19
DA:85,12
DA:86,0
DA:91,12
DA:92,12
DA:93,12
DA:99,0
DA:103,12
DA:105,12
DA:106,9
DA:107,9
DA:108,5
DA:110,9
DA:111,0
DA:120,9
DA:121,8
DA:123,9
DA:124,0
DA:125,0
DA:130,12
DA:131,2
DA:132,2
DA:133,0
DA:135,2
DA:143,2
DA:148,2
DA:149,1
DA:153,12
DA:154,1
DA:155,1
DA:156,0
DA:158,1
DA:165,1
DA:169,1
DA:172,12
LF:57
LH:45
BRDA:29,0,0,0
BRDA:29,0,1,3
BRDA:41,1,0,1
BRDA:41,1,1,51
BRDA:44,2,0,0
BRDA:44,2,1,0
BRDA:47,3,0,51
BRDA:47,3,1,0
BRDA:57,4,0,19
BRDA:57,4,1,32
BRDA:59,5,0,17
BRDA:59,5,1,2
BRDA:59,6,0,19
BRDA:59,6,1,2
BRDA:61,7,0,17
BRDA:61,7,1,0
BRDA:61,8,0,17
BRDA:61,8,1,17
BRDA:64,9,0,0
BRDA:64,9,1,17
BRDA:64,10,0,17
BRDA:64,10,1,16
BRDA:65,11,0,0
BRDA:65,11,1,0
BRDA:65,12,0,0
BRDA:65,12,1,0
BRDA:71,13,0,1
BRDA:71,13,1,18
BRDA:72,14,0,1
BRDA:72,14,1,0
BRDA:73,15,0,1
BRDA:73,15,1,1
BRDA:85,16,0,0
BRDA:85,16,1,12
BRDA:88,17,0,0
BRDA:88,17,1,0
BRDA:91,18,0,12
BRDA:91,18,1,0
BRDA:103,19,0,12
BRDA:103,19,1,0
BRDA:105,20,0,9
BRDA:105,20,1,3
BRDA:105,21,0,12
BRDA:105,21,1,4
BRDA:107,22,0,5
BRDA:107,22,1,4
BRDA:110,23,0,0
BRDA:110,23,1,9
BRDA:120,24,0,8
BRDA:120,24,1,1
BRDA:120,25,0,9
BRDA:120,25,1,8
BRDA:123,26,0,0
BRDA:123,26,1,9
BRDA:123,27,0,9
BRDA:123,27,1,4
BRDA:124,28,0,0
BRDA:124,28,1,0
BRDA:124,29,0,0
BRDA:124,29,1,0
BRDA:130,30,0,2
BRDA:130,30,1,10
BRDA:132,31,0,0
BRDA:132,31,1,2
BRDA:148,32,0,1
BRDA:148,32,1,1
BRDA:148,33,0,2
BRDA:148,33,1,1
BRDA:153,34,0,1
BRDA:153,34,1,11
BRDA:155,35,0,0
BRDA:155,35,1,1
BRDA:165,36,0,1
BRDA:165,36,1,0
BRDA:166,37,0,1
BRDA:166,37,1,1
BRF:76
BRH:51
end_of_record
TN:
SF:E:\KamalFiles\Projects\turing-ecommerce\src\mixins\globals.js
FNF:0
FNH:0
DA:9,129
DA:16,0
LF:2
LH:1
BRF:0
BRH:0
end_of_record
TN:
SF:E:\KamalFiles\Projects\turing-ecommerce\src\store\index.js
FN:16,(anonymous_0)
FNF:1
FNH:1
FNDA:6,(anonymous_0)
DA:11,6
DA:12,6
DA:13,6
DA:16,6
LF:4
LH:4
BRF:0
BRH:0
end_of_record
TN:
SF:E:\KamalFiles\Projects\turing-ecommerce\src\store\modules\cart.js
FN:2,(anonymous_0)
FN:11,(anonymous_1)
FN:12,(anonymous_2)
FN:13,(anonymous_3)
FN:14,(anonymous_4)
FN:15,(anonymous_5)
FN:16,(anonymous_6)
FNF:7
FNH:7
FNDA:6,(anonymous_0)
FNDA:3,(anonymous_1)
FNDA:5,(anonymous_2)
FNDA:5,(anonymous_3)
FNDA:2,(anonymous_4)
FNDA:2,(anonymous_5)
FNDA:1,(anonymous_6)
DA:2,6
DA:10,6
DA:11,3
DA:12,5
DA:13,5
DA:14,2
DA:15,2
DA:16,1
DA:20,6
DA:22,1
DA:25,4
DA:28,1
DA:31,0
DA:34,3
DA:37,1
DA:38,1
DA:41,1
DA:42,1
DA:45,0
DA:50,6
DA:52,2
DA:53,2
DA:56,2
DA:57,0
DA:58,0
DA:61,2
LF:26
LH:22
BRDA:56,0,0,0
BRDA:56,0,1,0
BRF:2
BRH:0
end_of_record
TN:
SF:E:\KamalFiles\Projects\turing-ecommerce\src\store\modules\customer.js
FN:2,(anonymous_0)
FN:10,(anonymous_1)
FN:11,(anonymous_2)
FN:12,(anonymous_3)
FNF:4
FNH:3
FNDA:6,(anonymous_0)
FNDA:5,(anonymous_1)
FNDA:0,(anonymous_2)
FNDA:3,(anonymous_3)
DA:2,6
DA:9,6
DA:10,5
DA:11,0
DA:12,3
DA:16,6
DA:18,0
DA:21,2
DA:22,2
DA:23,2
DA:26,4
DA:27,4
DA:30,1
DA:31,1
DA:34,1
DA:35,1
DA:36,1
DA:37,1
DA:38,1
DA:39,1
DA:40,1
DA:45,6
LF:22
LH:20
BRDA:12,0,0,0
BRDA:12,0,1,3
BRF:2
BRH:1
end_of_record
TN:
SF:E:\KamalFiles\Projects\turing-ecommerce\src\store\modules\department.js
FN:3,(anonymous_0)
FN:9,(anonymous_1)
FN:10,(anonymous_2)
FN:10,(anonymous_3)
FN:12,(anonymous_4)
FN:25,(anonymous_5)
FNF:6
FNH:1
FNDA:6,(anonymous_0)
FNDA:0,(anonymous_1)
FNDA:0,(anonymous_2)
FNDA:0,(anonymous_3)
FNDA:0,(anonymous_4)
FNDA:0,(anonymous_5)
DA:3,6
DA:8,6
DA:9,0
DA:10,0
DA:11,0
DA:12,0
DA:13,0
DA:14,0
DA:20,6
DA:22,0
DA:25,0
DA:26,0
DA:27,0
DA:34,6
DA:36,0
DA:37,0
DA:38,0
DA:39,0
DA:40,0
DA:43,0
DA:47,0
DA:48,0
DA:51,0
DA:52,0
DA:53,0
DA:57,0
DA:60,0
LF:27
LH:4
BRDA:14,0,0,0
BRDA:14,0,1,0
BRDA:26,1,0,0
BRDA:26,1,1,0
BRDA:38,2,0,0
BRDA:38,2,1,0
BRDA:52,3,0,0
BRDA:52,3,1,0
BRF:8
BRH:0
end_of_record
TN:
SF:E:\KamalFiles\Projects\turing-ecommerce\src\store\modules\product.js
FN:2,(anonymous_0)
FN:10,(anonymous_1)
FN:11,(anonymous_2)
FN:12,(anonymous_3)
FNF:4
FNH:4
FNDA:6,(anonymous_0)
FNDA:14,(anonymous_1)
FNDA:14,(anonymous_2)
FNDA:1,(anonymous_3)
DA:2,6
DA:9,6
DA:10,14
DA:11,14
DA:12,1
DA:18,6
DA:20,6
DA:21,6
DA:24,6
DA:25,6
DA:28,1
DA:31,1
DA:34,0
DA:39,6
LF:14
LH:13
BRF:0
BRH:0
end_of_record
TN:
SF:E:\KamalFiles\Projects\turing-ecommerce\src\views\Home.vue
FN:265,(anonymous_1)
FN:268,(anonymous_2)
FN:273,(anonymous_3)
FN:292,(anonymous_4)
FN:297,(anonymous_5)
FNF:5
FNH:4
FNDA:1,(anonymous_1)
FNDA:1,(anonymous_2)
FNDA:1,(anonymous_3)
FNDA:8,(anonymous_4)
FNDA:0,(anonymous_5)
DA:157,2
DA:158,2
DA:159,2
DA:160,2
DA:161,2
DA:171,1
DA:191,0
DA:199,13
DA:204,13
DA:209,0
DA:210,0
DA:211,0
DA:212,0
DA:218,1
DA:219,1
DA:220,1
DA:221,0
DA:224,1
DA:225,1
DA:235,27
DA:236,27
DA:237,35
DA:239,34
DA:241,27
DA:244,0
DA:245,0
DA:246,0
DA:248,0
DA:249,0
DA:250,0
DA:257,0
DA:261,2
DA:266,1
DA:268,1
DA:269,1
DA:274,1
DA:282,31
DA:283,31
DA:293,8
DA:294,8
DA:295,8
DA:298,0
LF:42
LH:28
BRDA:191,0,0,0
BRDA:191,0,1,0
BRDA:209,1,0,0
BRDA:209,1,1,0
BRDA:219,2,0,1
BRDA:219,2,1,0
BRDA:220,3,0,0
BRDA:220,3,1,1
BRDA:220,4,0,1
BRDA:220,4,1,1
BRDA:237,5,0,8
BRDA:237,5,1,19
BRDA:239,6,0,7
BRDA:239,6,1,20
BRDA:244,7,0,0
BRDA:244,7,1,0
BRDA:248,8,0,0
BRDA:248,8,1,0
BRDA:281,9,0,30
BRDA:285,10,0,1
BRDA:285,10,1,30
BRDA:298,11,0,0
BRDA:298,11,1,0
BRF:23
BRH:11
end_of_record
TN:
SF:E:\KamalFiles\Projects\turing-ecommerce\src\views\Profile.vue
FN:182,(anonymous_1)
FN:232,(anonymous_2)
FN:235,(anonymous_3)
FNF:3
FNH:2
FNDA:0,(anonymous_1)
FNDA:3,(anonymous_2)
FNDA:3,(anonymous_3)
DA:54,1
DA:65,1
DA:178,1
DA:183,0
DA:196,0
DA:203,0
DA:212,0
DA:223,3
DA:224,3
DA:225,3
DA:226,3
DA:233,3
DA:235,3
DA:239,3
LF:14
LH:10
BRDA:224,0,0,0
BRDA:224,0,1,3
BRF:2
BRH:1
end_of_record
TN:
SF:E:\KamalFiles\Projects\turing-ecommerce\src\views\SingleProduct.vue
FN:282,(anonymous_1)
FN:327,(anonymous_2)
FN:337,(anonymous_3)
FN:347,(anonymous_4)
FN:357,(anonymous_5)
FN:363,(anonymous_6)
FN:365,(anonymous_7)
FN:416,(anonymous_8)
FN:435,(anonymous_9)
FN:446,(anonymous_10)
FNF:10
FNH:6
FNDA:1,(anonymous_1)
FNDA:1,(anonymous_2)
FNDA:1,(anonymous_3)
FNDA:1,(anonymous_4)
FNDA:1,(anonymous_5)
FNDA:1,(anonymous_6)
FNDA:0,(anonymous_7)
FNDA:0,(anonymous_8)
FNDA:0,(anonymous_9)
FNDA:0,(anonymous_10)
DA:256,1
DA:257,1
DA:258,1
DA:259,1
DA:260,1
DA:261,1
DA:262,1
DA:276,1
DA:277,1
DA:278,1
DA:279,1
DA:282,1
DA:283,1
DA:284,1
DA:285,1
DA:286,1
DA:290,1
DA:323,2
DA:328,1
DA:333,2
DA:338,1
DA:343,2
DA:348,1
DA:353,2
DA:358,1
DA:363,1
DA:364,1
DA:365,0
DA:366,0
DA:369,0
DA:370,0
DA:375,0
DA:386,1
DA:397,1
DA:402,0
DA:403,0
DA:404,0
DA:406,0
DA:407,0
DA:417,0
DA:418,0
DA:419,0
DA:424,0
DA:425,0
DA:436,0
DA:437,0
DA:447,0
DA:448,0
LF:48
LH:29
BRDA:364,0,0,0
BRDA:364,0,1,1
BRDA:366,1,0,0
BRDA:366,1,1,0
BRDA:369,2,0,0
BRDA:369,2,1,0
BRDA:402,3,0,0
BRDA:402,3,1,0
BRF:8
BRH:1
end_of_record
TN:
SF:E:\KamalFiles\Projects\turing-ecommerce\tests\unit\index.js
FN:19,(anonymous_0)
FNF:1
FNH:1
FNDA:4,(anonymous_0)
DA:9,7
DA:10,7
DA:11,7
DA:12,7
DA:13,7
DA:14,7
DA:15,7
DA:17,7
DA:19,4
LF:9
LH:9
BRF:0
BRH:0
end_of_record
